# batch      l2_tst    l2_trn    l2_e_tst  l2_e_trn    l2_f_tst  l2_f_trn         lr
      0    2.43e+01  2.18e+01    1.02e+01  1.02e+01    7.59e-01  6.80e-01    5.0e-03
    100    3.34e+01  1.95e+01    4.52e-01  5.04e-01    1.06e+00  6.16e-01    5.0e-03
    200    2.76e+01  1.09e+01    4.17e-02  1.02e-01    8.73e-01  3.44e-01    5.0e-03
    300    2.85e+01  1.09e+01    2.25e-02  3.71e-02    9.01e-01  3.45e-01    5.0e-03
    400    2.80e+01  1.16e+01    2.22e-01  1.20e-01    8.84e-01  3.67e-01    5.0e-03
    500    1.87e+01  1.58e+01    1.29e-01  1.33e-01    5.92e-01  5.01e-01    5.0e-03
    600    2.01e+01  1.09e+01    1.06e-01  6.91e-02    6.36e-01  3.45e-01    5.0e-03
    700    1.99e+01  1.26e+01    7.35e-02  5.58e-02    6.28e-01  3.98e-01    5.0e-03
    800    2.09e+01  1.16e+01    3.18e-01  2.57e-01    6.61e-01  3.67e-01    5.0e-03
    900    2.17e+01  7.53e+00    9.88e-02  1.04e-01    6.87e-01  2.38e-01    5.0e-03
   1000    1.51e+01  9.89e+00    1.89e-01  1.86e-01    4.76e-01  3.13e-01    5.0e-03
   1100    1.77e+01  1.39e+01    6.65e-02  5.04e-02    5.58e-01  4.40e-01    5.0e-03
   1200    1.78e+01  1.24e+01    1.39e-01  1.36e-01    5.62e-01  3.92e-01    5.0e-03
   1300    1.74e+01  9.57e+00    1.88e-01  1.88e-01    5.52e-01  3.03e-01    5.0e-03
   1400    2.00e+01  1.19e+01    1.18e-01  9.39e-02    6.33e-01  3.75e-01    5.0e-03
   1500    1.49e+01  7.70e+00    5.38e-02  6.34e-02    4.72e-01  2.44e-01    5.0e-03
   1600    1.32e+01  1.07e+01    5.92e-02  4.81e-02    4.17e-01  3.38e-01    5.0e-03
   1700    1.33e+01  9.64e+00    1.07e-01  9.41e-02    4.19e-01  3.05e-01    5.0e-03
   1800    1.34e+01  8.82e+00    1.58e-02  2.20e-02    4.25e-01  2.79e-01    5.0e-03
   1900    1.48e+01  8.25e+00    1.27e-01  1.29e-01    4.66e-01  2.61e-01    5.0e-03
   2000    1.14e+01  9.38e+00    2.67e-01  2.64e-01    3.61e-01  2.97e-01    5.0e-03
   2100    1.05e+01  7.75e+00    7.11e-02  6.82e-02    3.33e-01  2.45e-01    5.0e-03
   2200    1.23e+01  8.89e+00    9.83e-03  5.98e-03    3.89e-01  2.81e-01    5.0e-03
   2300    1.04e+01  1.08e+01    1.51e-02  2.21e-02    3.28e-01  3.40e-01    5.0e-03
   2400    8.79e+00  8.62e+00    1.12e-01  1.13e-01    2.78e-01  2.72e-01    5.0e-03
   2500    8.65e+00  9.57e+00    5.36e-02  5.67e-02    2.74e-01  3.03e-01    5.0e-03
   2600    9.18e+00  9.17e+00    2.61e-02  2.85e-02    2.90e-01  2.90e-01    5.0e-03
   2700    1.00e+01  9.12e+00    1.12e-01  1.04e-01    3.18e-01  2.88e-01    5.0e-03
   2800    7.68e+00  4.95e+00    6.15e-02  5.94e-02    2.43e-01  1.57e-01    5.0e-03
   2900    7.13e+00  5.12e+00    1.28e-02  1.35e-02    2.25e-01  1.62e-01    5.0e-03
   3000    7.74e+00  4.79e+00    1.89e-02  1.83e-02    2.45e-01  1.52e-01    5.0e-03
   3100    7.70e+00  3.57e+00    4.82e-02  4.85e-02    2.43e-01  1.13e-01    5.0e-03
   3200    7.40e+00  5.60e+00    5.00e-02  5.19e-02    2.34e-01  1.77e-01    5.0e-03
   3300    7.87e+00  4.85e+00    2.36e-02  2.32e-02    2.49e-01  1.53e-01    5.0e-03
   3400    9.02e+00  4.06e+00    8.64e-03  2.99e-03    2.85e-01  1.28e-01    5.0e-03
   3500    8.24e+00  2.84e+00    8.10e-02  8.10e-02    2.60e-01  8.97e-02    5.0e-03
   3600    9.95e+00  4.19e+00    2.49e-02  3.01e-02    3.15e-01  1.32e-01    5.0e-03
   3700    1.01e+01  3.49e+00    7.13e-02  6.73e-02    3.18e-01  1.10e-01    5.0e-03
   3800    7.91e+00  3.24e+00    3.11e-02  4.24e-02    2.50e-01  1.03e-01    5.0e-03
   3900    6.11e+00  3.53e+00    9.72e-03  1.02e-02    1.93e-01  1.12e-01    5.0e-03
   4000    5.99e+00  3.57e+00    5.27e-02  5.13e-02    1.89e-01  1.13e-01    5.0e-03
   4100    5.24e+00  3.75e+00    5.43e-02  4.95e-02    1.66e-01  1.19e-01    5.0e-03
   4200    5.13e+00  4.24e+00    2.45e-02  2.40e-02    1.62e-01  1.34e-01    5.0e-03
   4300    5.46e+00  4.35e+00    1.85e-02  2.19e-02    1.73e-01  1.38e-01    5.0e-03
   4400    1.96e+01  9.60e+00    1.61e-02  4.01e-02    6.20e-01  3.04e-01    5.0e-03
   4500    2.07e+01  7.91e+00    1.68e-01  1.27e-01    6.55e-01  2.50e-01    5.0e-03
   4600    2.34e+01  1.03e+01    7.01e-02  2.44e-02    7.40e-01  3.26e-01    5.0e-03
   4700    2.57e+01  1.12e+01    3.02e-02  4.12e-02    8.14e-01  3.55e-01    5.0e-03
   4800    2.13e+01  6.47e+00    9.76e-02  5.28e-02    6.72e-01  2.05e-01    5.0e-03
   4900    2.04e+01  8.05e+00    9.37e-02  1.01e-01    6.46e-01  2.54e-01    5.0e-03
   5000    1.38e+01  4.99e+00    7.64e-02  5.31e-02    5.64e-01  2.04e-01    3.0e-03
   5100    1.53e+01  3.02e+00    3.15e-02  1.33e-02    6.26e-01  1.23e-01    3.0e-03
   5200    1.34e+01  4.69e+00    2.82e-02  1.70e-02    5.48e-01  1.92e-01    3.0e-03
   5300    1.28e+01  4.25e+00    1.43e-02  1.59e-02    5.24e-01  1.73e-01    3.0e-03
   5400    1.21e+01  4.29e+00    3.57e-02  3.04e-02    4.93e-01  1.75e-01    3.0e-03
   5500    1.16e+01  3.29e+00    3.01e-02  2.64e-02    4.75e-01  1.34e-01    3.0e-03
   5600    1.04e+01  3.65e+00    1.70e-02  7.55e-03    4.25e-01  1.49e-01    3.0e-03
   5700    1.18e+01  3.26e+00    1.53e-02  3.01e-02    4.82e-01  1.33e-01    3.0e-03
   5800    8.01e+00  2.06e+00    6.02e-02  5.77e-02    3.27e-01  8.41e-02    3.0e-03
   5900    6.79e+00  2.92e+00    1.42e-02  7.60e-03    2.77e-01  1.19e-01    3.0e-03
   6000    7.21e+00  3.09e+00    1.71e-02  2.90e-02    2.95e-01  1.26e-01    3.0e-03
   6100    6.35e+00  2.13e+00    4.01e-02  3.08e-02    2.60e-01  8.71e-02    3.0e-03
   6200    6.64e+00  2.21e+00    1.15e-02  4.91e-03    2.71e-01  9.03e-02    3.0e-03
   6300    3.65e+00  2.17e+00    2.14e-02  1.99e-02    1.49e-01  8.86e-02    3.0e-03
   6400    3.73e+00  1.92e+00    1.60e-02  1.56e-02    1.52e-01  7.82e-02    3.0e-03
   6500    4.61e+00  2.82e+00    3.00e-02  3.33e-02    1.88e-01  1.15e-01    3.0e-03
   6600    3.97e+00  2.06e+00    3.67e-02  3.81e-02    1.62e-01  8.40e-02    3.0e-03
   6700    3.29e+00  2.30e+00    1.57e-02  1.40e-02    1.34e-01  9.39e-02    3.0e-03
   6800    1.91e+00  1.66e+00    6.21e-03  6.74e-03    7.82e-02  6.78e-02    3.0e-03
   6900    2.22e+00  2.05e+00    1.04e-02  9.90e-03    9.06e-02  8.39e-02    3.0e-03
   7000    1.92e+00  1.79e+00    4.18e-03  4.51e-03    7.85e-02  7.32e-02    3.0e-03
   7100    2.07e+00  1.87e+00    3.28e-02  3.26e-02    8.46e-02  7.64e-02    3.0e-03
   7200    2.31e+00  3.35e+00    2.44e-02  2.89e-02    9.43e-02  1.37e-01    3.0e-03
   7300    3.19e+00  1.50e+00    3.11e-02  3.19e-02    1.30e-01  6.11e-02    3.0e-03
   7400    2.50e+00  1.28e+00    1.44e-02  1.21e-02    1.02e-01  5.24e-02    3.0e-03
   7500    3.49e+00  1.66e+00    1.47e-02  9.91e-03    1.43e-01  6.78e-02    3.0e-03
   7600    2.50e+00  1.67e+00    2.75e-02  2.77e-02    1.02e-01  6.80e-02    3.0e-03
   7700    3.42e+00  1.56e+00    1.53e-02  1.21e-02    1.40e-01  6.36e-02    3.0e-03
   7800    2.56e+00  1.34e+00    3.95e-03  2.16e-03    1.05e-01  5.48e-02    3.0e-03
   7900    2.84e+00  1.19e+00    3.55e-02  4.00e-02    1.16e-01  4.87e-02    3.0e-03
   8000    3.17e+00  8.58e-01    4.78e-03  2.28e-03    1.30e-01  3.50e-02    3.0e-03
   8100    3.45e+00  1.74e+00    3.31e-02  2.53e-02    1.41e-01  7.12e-02    3.0e-03
   8200    2.64e+00  1.84e+00    3.18e-02  2.98e-02    1.08e-01  7.50e-02    3.0e-03
   8300    1.81e+00  1.16e+00    1.10e-02  1.16e-02    7.39e-02  4.74e-02    3.0e-03
   8400    1.79e+00  9.09e-01    3.93e-03  5.03e-03    7.30e-02  3.71e-02    3.0e-03
   8500    1.59e+00  1.60e+00    2.44e-03  2.87e-03    6.49e-02  6.52e-02    3.0e-03
   8600    1.71e+00  9.56e-01    3.57e-03  4.33e-03    6.97e-02  3.90e-02    3.0e-03
   8700    1.41e+01  3.83e+00    7.95e-02  5.22e-02    5.74e-01  1.56e-01    3.0e-03
   8800    1.29e+01  2.10e+00    5.99e-02  4.98e-02    5.26e-01  8.57e-02    3.0e-03
   8900    1.62e+01  3.03e+00    7.42e-02  5.04e-02    6.63e-01  1.24e-01    3.0e-03
   9000    1.25e+01  2.03e+00    1.00e-01  4.11e-02    5.11e-01  8.28e-02    3.0e-03
   9100    1.49e+01  2.76e+00    1.51e-01  6.86e-02    6.09e-01  1.13e-01    3.0e-03
   9200    8.58e+00  2.76e+00    5.27e-02  6.95e-02    3.50e-01  1.13e-01    3.0e-03
   9300    8.20e+00  2.41e+00    6.38e-02  5.72e-02    3.35e-01  9.85e-02    3.0e-03
   9400    9.31e+00  2.15e+00    1.27e-02  9.54e-03    3.80e-01  8.78e-02    3.0e-03
   9500    8.36e+00  2.13e+00    1.18e-02  1.03e-02    3.41e-01  8.71e-02    3.0e-03
   9600    9.01e+00  2.34e+00    2.98e-02  4.43e-02    3.68e-01  9.54e-02    3.0e-03
   9700    7.72e+00  2.39e+00    1.65e-02  5.49e-03    3.15e-01  9.78e-02    3.0e-03
   9800    7.59e+00  2.08e+00    4.38e-02  3.94e-02    3.10e-01  8.48e-02    3.0e-03
   9900    8.03e+00  2.78e+00    5.50e-02  4.29e-02    3.28e-01  1.14e-01    3.0e-03
  10000    5.68e+00  1.42e+00    2.61e-02  2.98e-02    2.99e-01  7.51e-02    1.8e-03
  10100    4.38e+00  1.60e+00    8.05e-03  1.08e-02    2.31e-01  8.42e-02    1.8e-03
  10200    4.46e+00  1.29e+00    2.25e-02  1.83e-02    2.35e-01  6.81e-02    1.8e-03
  10300    4.56e+00  1.64e+00    1.35e-02  1.40e-02    2.40e-01  8.65e-02    1.8e-03
  10400    3.82e+00  1.43e+00    4.84e-03  5.77e-03    2.02e-01  7.55e-02    1.8e-03
  10500    4.30e+00  1.59e+00    3.45e-02  2.52e-02    2.27e-01  8.39e-02    1.8e-03
  10600    3.09e+00  1.93e+00    4.39e-03  4.88e-03    1.63e-01  1.02e-01    1.8e-03
  10700    2.31e+00  1.27e+00    4.23e-02  4.51e-02    1.22e-01  6.67e-02    1.8e-03
  10800    2.82e+00  1.80e+00    3.99e-02  3.72e-02    1.49e-01  9.49e-02    1.8e-03
  10900    2.54e+00  1.36e+00    2.73e-02  3.03e-02    1.34e-01  7.19e-02    1.8e-03
  11000    2.23e+00  1.70e+00    7.77e-03  5.45e-03    1.18e-01  8.95e-02    1.8e-03
  11100    1.10e+00  1.72e+00    2.46e-02  2.54e-02    5.80e-02  9.06e-02    1.8e-03
  11200    1.15e+00  1.06e+00    2.24e-03  1.85e-03    6.06e-02  5.61e-02    1.8e-03
  11300    1.23e+00  1.65e+00    6.54e-02  6.78e-02    6.44e-02  8.69e-02    1.8e-03
  11400    1.21e+00  1.47e+00    9.83e-03  1.09e-02    6.39e-02  7.75e-02    1.8e-03
  11500    1.26e+00  1.21e+00    2.14e-02  2.22e-02    6.67e-02  6.39e-02    1.8e-03
  11600    1.49e+00  1.26e+00    2.49e-02  2.41e-02    7.88e-02  6.66e-02    1.8e-03
  11700    1.59e+00  1.23e+00    2.56e-02  2.42e-02    8.38e-02  6.49e-02    1.8e-03
  11800    1.20e+00  1.02e+00    1.95e-02  1.89e-02    6.32e-02  5.39e-02    1.8e-03
  11900    1.35e+00  7.97e-01    6.26e-02  6.24e-02    7.11e-02  4.15e-02    1.8e-03
  12000    2.02e+00  9.57e-01    2.93e-02  3.91e-02    1.07e-01  5.04e-02    1.8e-03
  12100    2.25e+00  8.96e-01    2.62e-03  5.38e-03    1.19e-01  4.72e-02    1.8e-03
  12200    2.00e+00  7.46e-01    1.47e-02  9.65e-03    1.06e-01  3.94e-02    1.8e-03
  12300    2.42e+00  5.56e-01    9.72e-03  2.08e-03    1.27e-01  2.93e-02    1.8e-03
  12400    2.02e+00  8.12e-01    9.77e-03  1.23e-02    1.07e-01  4.28e-02    1.8e-03
  12500    1.31e+00  8.87e-01    2.42e-03  4.11e-03    6.93e-02  4.68e-02    1.8e-03
  12600    1.27e+00  6.25e-01    1.77e-03  2.49e-03    6.72e-02  3.30e-02    1.8e-03
  12700    1.27e+00  6.26e-01    4.30e-03  5.77e-03    6.70e-02  3.30e-02    1.8e-03
  12800    1.18e+00  7.07e-01    2.15e-03  2.85e-03    6.20e-02  3.73e-02    1.8e-03
  12900    1.23e+00  7.10e-01    1.66e-02  1.79e-02    6.50e-02  3.74e-02    1.8e-03
  13000    4.10e+00  1.66e+00    8.64e-02  6.09e-02    2.16e-01  8.74e-02    1.8e-03
  13100    4.18e+00  2.55e+00    4.05e-02  3.28e-02    2.21e-01  1.35e-01    1.8e-03
  13200    3.96e+00  1.41e+00    2.24e-02  2.09e-03    2.09e-01  7.43e-02    1.8e-03
  13300    3.53e+00  1.56e+00    5.10e-02  3.32e-02    1.86e-01  8.23e-02    1.8e-03
  13400    3.04e+00  1.65e+00    1.22e-02  1.65e-02    1.60e-01  8.72e-02    1.8e-03
  13500    3.22e+00  1.28e+00    4.78e-02  2.61e-02    1.70e-01  6.75e-02    1.8e-03
  13600    3.82e+00  1.53e+00    4.28e-02  6.04e-03    2.02e-01  8.06e-02    1.8e-03
  13700    3.60e+00  1.26e+00    1.36e-02  1.00e-02    1.90e-01  6.64e-02    1.8e-03
  13800    4.36e+00  1.97e+00    3.44e-02  5.29e-03    2.30e-01  1.04e-01    1.8e-03
  13900    4.75e+00  1.37e+00    2.78e-02  1.84e-02    2.50e-01  7.20e-02    1.8e-03
  14000    4.48e+00  1.86e+00    4.99e-03  1.28e-02    2.37e-01  9.79e-02    1.8e-03
  14100    4.24e+00  1.05e+00    3.66e-02  2.66e-02    2.23e-01  5.55e-02    1.8e-03
  14200    4.38e+00  1.19e+00    5.10e-02  2.04e-02    2.31e-01  6.25e-02    1.8e-03
  14300    4.92e+00  1.18e+00    4.67e-02  3.13e-02    2.60e-01  6.20e-02    1.8e-03
  14400    4.22e+00  2.05e+00    2.19e-02  5.77e-03    2.23e-01  1.08e-01    1.8e-03
  14500    3.89e+00  8.36e-01    2.66e-02  1.67e-02    2.05e-01  4.41e-02    1.8e-03
  14600    3.70e+00  1.35e+00    6.37e-02  5.36e-02    1.95e-01  7.11e-02    1.8e-03
  14700    3.92e+00  2.05e+00    9.72e-02  8.27e-02    2.06e-01  1.08e-01    1.8e-03
  14800    4.08e+00  9.25e-01    2.03e-02  8.84e-03    2.15e-01  4.88e-02    1.8e-03
  14900    2.12e+00  1.45e+00    3.77e-02  3.86e-02    1.12e-01  7.66e-02    1.8e-03
  15000    1.23e+00  7.70e-01    7.53e-03  7.70e-03    8.37e-02  5.25e-02    1.1e-03
  15100    1.49e+00  6.93e-01    4.81e-03  2.76e-03    1.01e-01  4.72e-02    1.1e-03
  15200    1.57e+00  1.12e+00    9.51e-03  7.95e-03    1.07e-01  7.61e-02    1.1e-03
  15300    1.34e+00  7.69e-01    1.56e-02  2.11e-02    9.14e-02  5.23e-02    1.1e-03
  15400    8.07e-01  1.10e+00    7.41e-03  8.59e-03    5.49e-02  7.52e-02    1.1e-03
  15500    8.23e-01  5.65e-01    4.25e-03  4.63e-03    5.61e-02  3.84e-02    1.1e-03
  15600    7.26e-01  7.21e-01    1.68e-03  1.95e-03    4.95e-02  4.91e-02    1.1e-03
  15700    7.18e-01  6.18e-01    1.66e-03  4.23e-03    4.89e-02  4.21e-02    1.1e-03
  15800    7.82e-01  8.15e-01    1.45e-02  1.53e-02    5.32e-02  5.54e-02    1.1e-03
  15900    8.37e-01  7.68e-01    1.01e-03  1.33e-03    5.70e-02  5.23e-02    1.1e-03
  16000    9.42e-01  5.46e-01    7.12e-03  6.55e-03    6.41e-02  3.72e-02    1.1e-03
  16100    8.74e-01  7.95e-01    1.22e-02  1.06e-02    5.95e-02  5.41e-02    1.1e-03
  16200    9.15e-01  4.94e-01    1.05e-02  1.06e-02    6.23e-02  3.36e-02    1.1e-03
  16300    8.27e-01  6.93e-01    5.42e-03  6.38e-03    5.63e-02  4.72e-02    1.1e-03
  16400    1.16e+00  4.57e-01    3.34e-03  1.76e-03    7.93e-02  3.11e-02    1.1e-03
  16500    1.24e+00  3.96e-01    4.63e-03  1.37e-03    8.43e-02  2.70e-02    1.1e-03
  16600    1.12e+00  3.99e-01    2.17e-03  8.06e-04    7.63e-02  2.72e-02    1.1e-03
  16700    1.16e+00  4.34e-01    7.41e-03  4.52e-03    7.89e-02  2.96e-02    1.1e-03
  16800    9.72e-01  8.00e-01    4.44e-03  4.35e-03    6.62e-02  5.45e-02    1.1e-03
  16900    9.30e-01  4.82e-01    2.63e-03  2.46e-03    6.33e-02  3.28e-02    1.1e-03
  17000    8.79e-01  5.37e-01    9.71e-03  1.00e-02    5.99e-02  3.66e-02    1.1e-03
  17100    8.44e-01  6.33e-01    4.52e-03  5.22e-03    5.75e-02  4.31e-02    1.1e-03
  17200    9.01e-01  4.34e-01    8.80e-03  7.67e-03    6.14e-02  2.96e-02    1.1e-03
  17300    1.97e+00  1.58e+00    7.36e-02  4.64e-02    1.34e-01  1.07e-01    1.1e-03
  17400    2.37e+00  1.54e+00    3.15e-02  3.00e-02    1.61e-01  1.05e-01    1.1e-03
  17500    2.54e+00  1.02e+00    1.60e-02  1.83e-02    1.73e-01  6.93e-02    1.1e-03
  17600    2.29e+00  8.37e-01    4.43e-02  8.98e-03    1.56e-01  5.70e-02    1.1e-03
  17700    2.43e+00  8.85e-01    3.25e-02  9.11e-03    1.65e-01  6.03e-02    1.1e-03
  17800    1.74e+00  1.09e+00    5.77e-02  2.73e-02    1.18e-01  7.39e-02    1.1e-03
  17900    1.77e+00  9.49e-01    2.76e-03  2.90e-03    1.20e-01  6.46e-02    1.1e-03
  18000    2.35e+00  8.50e-01    2.60e-02  2.58e-02    1.60e-01  5.78e-02    1.1e-03
  18100    2.08e+00  8.87e-01    9.69e-03  6.16e-03    1.42e-01  6.04e-02    1.1e-03
  18200    2.41e+00  1.29e+00    7.01e-03  8.89e-03    1.64e-01  8.78e-02    1.1e-03
  18300    3.16e+00  1.01e+00    5.33e-02  4.15e-02    2.15e-01  6.87e-02    1.1e-03
  18400    2.81e+00  9.68e-01    4.44e-02  3.28e-02    1.91e-01  6.58e-02    1.1e-03
  18500    3.36e+00  6.92e-01    1.04e-02  7.44e-03    2.29e-01  4.71e-02    1.1e-03
  18600    2.98e+00  1.18e+00    3.98e-02  7.05e-03    2.03e-01  8.02e-02    1.1e-03
  18700    2.96e+00  5.97e-01    4.79e-02  2.19e-02    2.01e-01  4.05e-02    1.1e-03
  18800    2.57e+00  8.75e-01    6.22e-03  1.86e-02    1.75e-01  5.95e-02    1.1e-03
  18900    2.35e+00  8.17e-01    1.88e-02  9.58e-03    1.60e-01  5.56e-02    1.1e-03
  19000    2.94e+00  9.42e-01    2.86e-02  2.06e-02    2.00e-01  6.41e-02    1.1e-03
  19100    2.67e+00  8.04e-01    3.60e-02  2.60e-02    1.82e-01  5.46e-02    1.1e-03
  19200    2.07e+00  1.30e+00    9.20e-03  1.45e-02    1.41e-01  8.82e-02    1.1e-03
  19300    1.08e+00  8.23e-01    2.10e-03  3.34e-03    7.36e-02  5.61e-02    1.1e-03
  19400    1.28e+00  9.26e-01    1.52e-02  1.65e-02    8.74e-02  6.30e-02    1.1e-03
  19500    1.12e+00  6.93e-01    6.29e-03  6.61e-03    7.66e-02  4.72e-02    1.1e-03
  19600    1.17e+00  6.69e-01    2.65e-03  3.60e-03    7.98e-02  4.56e-02    1.1e-03
  19700    7.24e-01  5.80e-01    1.10e-02  1.14e-02    4.93e-02  3.94e-02    1.1e-03
  19800    7.04e-01  9.46e-01    4.48e-03  4.20e-03    4.79e-02  6.44e-02    1.1e-03
  19900    5.88e-01  6.84e-01    3.53e-02  3.51e-02    3.97e-02  4.63e-02    1.1e-03
  20000    4.88e-01  7.92e-01    3.05e-02  3.12e-02    4.24e-02  6.93e-02    6.4e-04
  20100    4.09e-01  2.98e-01    2.41e-03  2.97e-03    3.59e-02  2.61e-02    6.4e-04
  20200    6.07e-01  4.63e-01    2.43e-03  3.28e-03    5.33e-02  4.06e-02    6.4e-04
  20300    5.54e-01  4.18e-01    1.36e-03  2.23e-03    4.87e-02  3.67e-02    6.4e-04
  20400    5.71e-01  3.58e-01    2.07e-03  1.03e-03    5.02e-02  3.15e-02    6.4e-04
  20500    5.91e-01  4.01e-01    1.75e-03  2.29e-03    5.19e-02  3.52e-02    6.4e-04
  20600    6.30e-01  3.41e-01    2.74e-03  2.44e-03    5.54e-02  3.00e-02    6.4e-04
  20700    7.58e-01  4.83e-01    1.18e-03  2.89e-03    6.66e-02  4.24e-02    6.4e-04
  20800    7.93e-01  2.59e-01    6.49e-03  8.42e-03    6.97e-02  2.27e-02    6.4e-04
  20900    8.33e-01  3.63e-01    8.26e-03  5.10e-03    7.32e-02  3.19e-02    6.4e-04
  21000    8.19e-01  2.39e-01    3.02e-03  8.20e-04    7.20e-02  2.10e-02    6.4e-04
  21100    8.29e-01  5.22e-01    2.61e-03  2.50e-03    7.29e-02  4.59e-02    6.4e-04
  21200    6.03e-01  3.26e-01    5.34e-03  4.53e-03    5.29e-02  2.86e-02    6.4e-04
  21300    6.38e-01  2.37e-01    9.22e-03  8.49e-03    5.60e-02  2.07e-02    6.4e-04
  21400    6.47e-01  3.09e-01    8.57e-03  8.72e-03    5.68e-02  2.71e-02    6.4e-04
  21500    5.97e-01  4.46e-01    3.02e-03  4.22e-03    5.25e-02  3.92e-02    6.4e-04
  21600    3.14e+00  1.64e+00    7.97e-02  7.59e-03    2.76e-01  1.44e-01    6.4e-04
  21700    1.31e+00  1.09e+00    3.46e-02  3.04e-02    1.15e-01  9.58e-02    6.4e-04
  21800    1.63e+00  6.19e-01    3.58e-02  5.76e-02    1.43e-01  5.32e-02    6.4e-04
  21900    1.44e+00  7.93e-01    5.13e-02  2.73e-02    1.26e-01  6.95e-02    6.4e-04
  22000    1.50e+00  7.15e-01    6.66e-02  3.40e-02    1.31e-01  6.24e-02    6.4e-04
  22100    1.15e+00  6.72e-01    4.43e-02  2.20e-02    1.01e-01  5.89e-02    6.4e-04
  22200    1.03e+00  7.47e-01    4.22e-03  7.27e-03    9.05e-02  6.56e-02    6.4e-04
  22300    1.34e+00  5.79e-01    3.53e-02  3.28e-02    1.18e-01  5.05e-02    6.4e-04
  22400    1.05e+00  6.14e-01    3.15e-03  5.30e-03    9.20e-02  5.39e-02    6.4e-04
  22500    1.32e+00  7.04e-01    2.93e-02  2.88e-02    1.16e-01  6.16e-02    6.4e-04
  22600    1.54e+00  7.62e-01    6.39e-03  1.49e-02    1.36e-01  6.69e-02    6.4e-04
  22700    1.76e+00  6.77e-01    9.98e-03  2.19e-02    1.55e-01  5.94e-02    6.4e-04
  22800    1.86e+00  6.82e-01    1.79e-02  2.86e-03    1.63e-01  6.00e-02    6.4e-04
  22900    2.09e+00  6.47e-01    4.16e-02  1.74e-02    1.83e-01  5.68e-02    6.4e-04
  23000    1.91e+00  7.12e-01    5.65e-03  1.22e-02    1.67e-01  6.25e-02    6.4e-04
  23100    1.41e+00  6.57e-01    6.86e-03  3.97e-03    1.24e-01  5.77e-02    6.4e-04
  23200    1.52e+00  4.23e-01    1.94e-02  1.83e-02    1.34e-01  3.70e-02    6.4e-04
  23300    1.96e+00  4.46e-01    1.43e-02  1.83e-02    1.72e-01  3.90e-02    6.4e-04
  23400    1.87e+00  5.59e-01    3.78e-03  2.44e-03    1.64e-01  4.92e-02    6.4e-04
  23500    2.08e+00  4.48e-01    1.43e-02  1.10e-02    1.83e-01  3.93e-02    6.4e-04
  23600    8.93e-01  5.34e-01    1.02e-02  8.11e-03    7.84e-02  4.69e-02    6.4e-04
  23700    8.12e-01  7.35e-01    8.63e-03  9.26e-03    7.13e-02  6.46e-02    6.4e-04
  23800    7.28e-01  3.86e-01    2.34e-02  2.33e-02    6.38e-02  3.36e-02    6.4e-04
  23900    7.63e-01  3.96e-01    7.47e-03  6.45e-03    6.70e-02  3.48e-02    6.4e-04
  24000    6.07e-01  7.23e-01    5.29e-03  5.29e-03    5.33e-02  6.35e-02    6.4e-04
  24100    4.10e-01  5.21e-01    4.56e-03  4.79e-03    3.60e-02  4.58e-02    6.4e-04
  24200    4.22e-01  4.29e-01    1.51e-02  1.51e-02    3.69e-02  3.76e-02    6.4e-04
  24300    3.81e-01  4.58e-01    2.69e-03  3.91e-03    3.34e-02  4.03e-02    6.4e-04
  24400    5.14e-01  6.80e-01    2.42e-03  1.66e-02    4.52e-02  5.96e-02    6.4e-04
  24500    5.59e-01  4.46e-01    8.45e-03  7.48e-03    4.91e-02  3.92e-02    6.4e-04
  24600    5.69e-01  5.01e-01    3.21e-02  3.13e-02    4.96e-02  4.36e-02    6.4e-04
  24700    6.43e-01  3.16e-01    1.67e-03  3.59e-04    5.65e-02  2.77e-02    6.4e-04
  24800    6.12e-01  2.96e-01    3.17e-03  2.76e-03    5.37e-02  2.60e-02    6.4e-04
  24900    5.87e-01  2.82e-01    5.72e-03  5.26e-03    5.16e-02  2.47e-02    6.4e-04
  25000    5.98e-01  2.60e-01    8.71e-03  6.40e-03    6.77e-02  2.94e-02    3.9e-04
  25100    5.78e-01  2.22e-01    1.37e-03  2.25e-03    6.54e-02  2.51e-02    3.9e-04
  25200    5.62e-01  2.11e-01    1.56e-03  6.48e-04    6.37e-02  2.39e-02    3.9e-04
  25300    5.78e-01  1.83e-01    1.32e-03  1.66e-03    6.55e-02  2.07e-02    3.9e-04
  25400    5.82e-01  1.62e-01    1.89e-03  1.20e-03    6.59e-02  1.83e-02    3.9e-04
  25500    5.01e-01  3.94e-01    1.84e-03  2.00e-03    5.67e-02  4.46e-02    3.9e-04
  25600    4.88e-01  2.45e-01    1.20e-03  1.04e-03    5.53e-02  2.78e-02    3.9e-04
  25700    5.01e-01  3.19e-01    3.13e-03  2.91e-03    5.68e-02  3.61e-02    3.9e-04
  25800    4.67e-01  1.83e-01    2.82e-03  2.50e-03    5.29e-02  2.08e-02    3.9e-04
  25900    4.53e-01  2.76e-01    2.02e-03  1.26e-03    5.14e-02  3.13e-02    3.9e-04
  26000    8.30e-01  6.06e-01    1.78e-02  9.92e-03    9.39e-02  6.86e-02    3.9e-04
  26100    1.05e+00  5.08e-01    2.83e-02  1.18e-02    1.19e-01  5.75e-02    3.9e-04
  26200    1.26e+00  6.36e-01    2.01e-02  1.03e-02    1.43e-01  7.20e-02    3.9e-04
  26300    1.05e+00  6.20e-01    3.06e-02  1.26e-02    1.19e-01  7.01e-02    3.9e-04
  26400    1.20e+00  7.06e-01    2.05e-02  1.06e-02    1.35e-01  7.99e-02    3.9e-04
  26500    9.08e-01  4.23e-01    7.00e-03  2.92e-02    1.03e-01  4.73e-02    3.9e-04
  26600    9.36e-01  5.56e-01    7.06e-03  1.11e-02    1.06e-01  6.29e-02    3.9e-04
  26700    9.29e-01  6.69e-01    4.77e-03  8.61e-03    1.05e-01  7.57e-02    3.9e-04
  26800    8.24e-01  5.26e-01    1.55e-02  5.21e-03    9.32e-02  5.96e-02    3.9e-04
  26900    8.51e-01  3.28e-01    9.59e-03  4.69e-03    9.63e-02  3.71e-02    3.9e-04
  27000    1.25e+00  4.25e-01    1.87e-02  3.10e-03    1.42e-01  4.82e-02    3.9e-04
  27100    1.09e+00  4.91e-01    1.11e-02  8.27e-03    1.23e-01  5.55e-02    3.9e-04
  27200    1.31e+00  4.04e-01    2.19e-02  4.20e-03    1.49e-01  4.57e-02    3.9e-04
  27300    1.29e+00  5.42e-01    5.17e-03  1.41e-02    1.46e-01  6.13e-02    3.9e-04
  27400    1.01e+00  4.20e-01    3.12e-03  7.31e-03    1.15e-01  4.76e-02    3.9e-04
  27500    9.68e-01  5.97e-01    8.19e-03  8.63e-03    1.10e-01  6.76e-02    3.9e-04
  27600    1.03e+00  3.66e-01    1.03e-02  1.09e-02    1.16e-01  4.13e-02    3.9e-04
  27700    1.16e+00  4.65e-01    3.35e-03  4.21e-03    1.32e-01  5.27e-02    3.9e-04
  27800    1.22e+00  4.19e-01    1.04e-02  1.09e-02    1.39e-01  4.74e-02    3.9e-04
  27900    5.78e-01  4.14e-01    1.18e-02  1.12e-02    6.54e-02  4.68e-02    3.9e-04
  28000    4.82e-01  3.84e-01    7.47e-03  7.99e-03    5.45e-02  4.35e-02    3.9e-04
  28100    5.08e-01  3.73e-01    8.42e-03  8.22e-03    5.75e-02  4.22e-02    3.9e-04
  28200    5.24e-01  4.38e-01    2.05e-03  2.44e-03    5.93e-02  4.96e-02    3.9e-04
  28300    4.99e-01  2.95e-01    3.00e-03  2.49e-03    5.65e-02  3.34e-02    3.9e-04
  28400    2.99e-01  2.17e-01    1.22e-02  1.18e-02    3.38e-02  2.44e-02    3.9e-04
  28500    2.89e-01  3.23e-01    1.17e-02  1.11e-02    3.26e-02  3.65e-02    3.9e-04
  28600    2.93e-01  2.07e-01    7.69e-03  7.07e-03    3.31e-02  2.34e-02    3.9e-04
  28700    3.23e-01  4.49e-01    4.96e-03  4.36e-03    3.66e-02  5.08e-02    3.9e-04
  28800    4.83e-01  3.85e-01    6.56e-03  4.70e-03    5.46e-02  4.36e-02    3.9e-04
  28900    3.79e-01  5.67e-01    9.93e-04  1.75e-03    4.29e-02  6.42e-02    3.9e-04
  29000    3.92e-01  2.48e-01    1.77e-03  1.65e-03    4.44e-02  2.81e-02    3.9e-04
  29100    4.95e-01  2.56e-01    5.93e-03  4.15e-03    5.60e-02  2.90e-02    3.9e-04
  29200    4.46e-01  1.90e-01    4.64e-03  4.04e-03    5.05e-02  2.15e-02    3.9e-04
  29300    5.62e-01  4.74e-01    1.46e-03  2.11e-03    6.36e-02  5.37e-02    3.9e-04
  29400    5.35e-01  2.21e-01    1.54e-02  1.45e-02    6.04e-02  2.47e-02    3.9e-04
  29500    5.55e-01  1.37e-01    2.72e-03  8.10e-04    6.29e-02  1.55e-02    3.9e-04
  29600    5.66e-01  2.07e-01    8.73e-03  7.33e-03    6.41e-02  2.33e-02    3.9e-04
  29700    5.37e-01  2.31e-01    3.52e-03  2.30e-03    6.08e-02  2.62e-02    3.9e-04
  29800    4.85e-01  2.62e-01    1.24e-03  3.87e-04    5.49e-02  2.96e-02    3.9e-04
  29900    4.46e-01  2.19e-01    2.20e-03  1.70e-03    5.05e-02  2.48e-02    3.9e-04
  30000    4.01e-01  1.79e-01    1.57e-03  2.00e-03    5.84e-02  2.61e-02    2.3e-04
  30100    3.59e-01  2.94e-01    2.18e-03  2.14e-03    5.23e-02  4.28e-02    2.3e-04
  30200    3.71e-01  2.40e-01    1.42e-03  1.28e-03    5.41e-02  3.50e-02    2.3e-04
  30300    8.03e-01  5.73e-01    2.19e-02  1.19e-02    1.17e-01  8.33e-02    2.3e-04
  30400    6.31e-01  3.41e-01    2.15e-02  1.36e-02    9.17e-02  4.95e-02    2.3e-04
  30500    6.65e-01  4.42e-01    4.08e-02  3.53e-02    9.59e-02  6.32e-02    2.3e-04
  30600    7.05e-01  3.70e-01    1.80e-02  1.61e-02    1.02e-01  5.36e-02    2.3e-04
  30700    8.38e-01  4.02e-01    2.14e-02  2.37e-02    1.22e-01  5.80e-02    2.3e-04
  30800    6.96e-01  3.98e-01    6.38e-03  9.56e-03    1.01e-01  5.79e-02    2.3e-04
  30900    7.42e-01  3.77e-01    3.69e-03  1.11e-02    1.08e-01  5.49e-02    2.3e-04
  31000    6.85e-01  6.42e-01    2.23e-02  1.82e-02    9.96e-02  9.33e-02    2.3e-04
  31100    7.19e-01  3.11e-01    8.22e-03  1.94e-03    1.05e-01  4.53e-02    2.3e-04
  31200    8.14e-01  4.18e-01    2.03e-02  1.28e-02    1.18e-01  6.07e-02    2.3e-04
  31300    7.65e-01  2.57e-01    2.30e-02  8.64e-03    1.11e-01  3.74e-02    2.3e-04
  31400    7.78e-01  3.31e-01    6.36e-03  8.60e-03    1.13e-01  4.81e-02    2.3e-04
  31500    8.15e-01  3.09e-01    8.56e-03  5.31e-03    1.19e-01  4.50e-02    2.3e-04
  31600    8.42e-01  3.13e-01    1.43e-02  1.66e-03    1.23e-01  4.57e-02    2.3e-04
  31700    7.05e-01  6.30e-01    8.44e-03  1.36e-02    1.03e-01  9.17e-02    2.3e-04
  31800    6.02e-01  4.30e-01    6.00e-03  7.86e-03    8.77e-02  6.26e-02    2.3e-04
  31900    7.21e-01  3.36e-01    4.25e-03  2.11e-03    1.05e-01  4.90e-02    2.3e-04
  32000    6.64e-01  2.92e-01    5.31e-03  4.50e-03    9.68e-02  4.25e-02    2.3e-04
  32100    7.09e-01  3.08e-01    7.17e-03  7.45e-03    1.03e-01  4.48e-02    2.3e-04
  32200    3.96e-01  2.89e-01    2.11e-03  9.43e-04    5.77e-02  4.22e-02    2.3e-04
  32300    3.71e-01  2.50e-01    3.33e-03  3.31e-03    5.40e-02  3.64e-02    2.3e-04
  32400    3.44e-01  2.63e-01    2.43e-03  1.55e-03    5.02e-02  3.83e-02    2.3e-04
  32500    3.39e-01  3.68e-01    3.59e-03  3.41e-03    4.94e-02  5.36e-02    2.3e-04
  32600    3.20e-01  2.77e-01    1.41e-03  1.13e-03    4.66e-02  4.03e-02    2.3e-04
  32700    2.42e-01  1.83e-01    7.95e-04  7.15e-04    3.52e-02  2.67e-02    2.3e-04
  32800    2.16e-01  1.96e-01    1.98e-03  2.24e-03    3.14e-02  2.85e-02    2.3e-04
  32900    2.06e-01  2.20e-01    6.51e-04  1.25e-03    3.00e-02  3.21e-02    2.3e-04
  33000    2.26e-01  2.45e-01    5.31e-03  5.90e-03    3.29e-02  3.56e-02    2.3e-04
  33100    2.16e-01  1.92e-01    1.06e-03  9.61e-04    3.15e-02  2.80e-02    2.3e-04
  33200    2.82e-01  2.20e-01    8.41e-03  7.83e-03    4.10e-02  3.20e-02    2.3e-04
  33300    3.19e-01  2.61e-01    2.33e-03  1.74e-03    4.65e-02  3.80e-02    2.3e-04
  33400    3.31e-01  1.84e-01    1.71e-03  1.90e-03    4.82e-02  2.69e-02    2.3e-04
  33500    3.15e-01  1.14e-01    1.18e-03  7.52e-04    4.60e-02  1.66e-02    2.3e-04
  33600    3.12e-01  2.70e-01    2.98e-03  2.94e-03    4.54e-02  3.93e-02    2.3e-04
  33700    4.20e-01  2.59e-01    1.85e-03  2.97e-03    6.12e-02  3.77e-02    2.3e-04
  33800    4.20e-01  1.19e-01    1.11e-03  2.62e-03    6.12e-02  1.73e-02    2.3e-04
  33900    4.23e-01  2.33e-01    1.68e-03  1.20e-03    6.17e-02  3.40e-02    2.3e-04
  34000    4.45e-01  1.62e-01    9.91e-04  1.32e-03    6.49e-02  2.36e-02    2.3e-04
  34100    3.65e-01  1.23e-01    4.61e-03  4.23e-03    5.32e-02  1.78e-02    2.3e-04
  34200    3.35e-01  1.49e-01    1.09e-03  7.98e-04    4.88e-02  2.17e-02    2.3e-04
  34300    3.43e-01  2.26e-01    1.32e-03  1.42e-03    4.99e-02  3.30e-02    2.3e-04
  34400    3.59e-01  8.83e-02    1.97e-03  2.33e-03    5.23e-02  1.28e-02    2.3e-04
  34500    3.55e-01  1.68e-01    2.91e-03  2.78e-03    5.18e-02  2.44e-02    2.3e-04
  34600    6.57e-01  6.94e-01    4.61e-02  4.15e-02    9.45e-02  1.00e-01    2.3e-04
  34700    5.97e-01  5.28e-01    5.09e-03  1.97e-02    8.70e-02  7.66e-02    2.3e-04
  34800    7.29e-01  4.73e-01    2.69e-02  2.20e-02    1.06e-01  6.85e-02    2.3e-04
  34900    8.36e-01  3.60e-01    7.74e-03  1.71e-02    1.22e-01  5.21e-02    2.3e-04
  35000    6.37e-01  3.03e-01    3.39e-03  8.23e-03    1.19e-01  5.65e-02    1.4e-04
  35100    6.86e-01  2.99e-01    9.29e-03  8.24e-03    1.28e-01  5.59e-02    1.4e-04
  35200    7.09e-01  3.91e-01    1.02e-02  8.64e-03    1.33e-01  7.30e-02    1.4e-04
  35300    6.29e-01  3.15e-01    6.95e-03  6.53e-03    1.18e-01  5.88e-02    1.4e-04
  35400    6.31e-01  2.13e-01    1.85e-02  7.67e-03    1.18e-01  3.97e-02    1.4e-04
  35500    6.01e-01  3.29e-01    1.54e-02  1.10e-02    1.12e-01  6.12e-02    1.4e-04
  35600    5.38e-01  3.27e-01    7.10e-03  2.07e-03    1.01e-01  6.11e-02    1.4e-04
  35700    5.46e-01  3.03e-01    9.29e-03  3.92e-03    1.02e-01  5.66e-02    1.4e-04
  35800    5.99e-01  2.29e-01    1.40e-02  4.75e-03    1.12e-01  4.28e-02    1.4e-04
  35900    5.73e-01  3.16e-01    1.66e-02  5.85e-03    1.07e-01  5.90e-02    1.4e-04
  36000    5.66e-01  2.68e-01    8.96e-03  4.47e-03    1.06e-01  5.01e-02    1.4e-04
  36100    4.83e-01  2.22e-01    5.64e-03  2.16e-03    9.03e-02  4.15e-02    1.4e-04
  36200    5.22e-01  3.00e-01    2.99e-03  5.45e-03    9.76e-02  5.61e-02    1.4e-04
  36300    5.37e-01  1.86e-01    3.75e-03  7.81e-04    1.00e-01  3.48e-02    1.4e-04
  36400    5.09e-01  2.93e-01    3.56e-03  3.13e-03    9.52e-02  5.47e-02    1.4e-04
  36500    3.23e-01  2.30e-01    2.78e-03  1.92e-03    6.04e-02  4.29e-02    1.4e-04
  36600    3.04e-01  1.62e-01    1.93e-03  1.00e-03    5.69e-02  3.03e-02    1.4e-04
  36700    2.79e-01  2.49e-01    2.35e-03  2.30e-03    5.21e-02  4.66e-02    1.4e-04
  36800    2.65e-01  3.15e-01    2.62e-03  3.41e-03    4.96e-02  5.90e-02    1.4e-04
  36900    2.42e-01  1.64e-01    1.97e-03  2.05e-03    4.53e-02  3.07e-02    1.4e-04
  37000    1.72e-01  1.68e-01    1.12e-03  1.13e-03    3.22e-02  3.14e-02    1.4e-04
  37100    1.58e-01  1.21e-01    3.06e-03  2.88e-03    2.95e-02  2.26e-02    1.4e-04
  37200    1.65e-01  1.19e-01    1.61e-03  1.00e-03    3.08e-02  2.23e-02    1.4e-04
  37300    1.61e-01  2.54e-01    7.93e-04  1.07e-03    3.01e-02  4.76e-02    1.4e-04
  37400    1.61e-01  5.09e-01    4.99e-03  3.48e-03    3.00e-02  9.52e-02    1.4e-04
  37500    2.04e-01  1.94e-01    1.17e-03  1.24e-03    3.82e-02  3.62e-02    1.4e-04
  37600    2.14e-01  1.38e-01    6.56e-04  5.75e-04    4.01e-02  2.58e-02    1.4e-04
  37700    2.23e-01  1.35e-01    9.70e-04  5.39e-04    4.16e-02  2.52e-02    1.4e-04
  37800    2.28e-01  1.48e-01    1.26e-03  1.79e-03    4.26e-02  2.77e-02    1.4e-04
  37900    2.45e-01  1.15e-01    1.18e-03  6.37e-04    4.58e-02  2.14e-02    1.4e-04
  38000    2.91e-01  9.06e-02    1.68e-03  3.81e-04    5.44e-02  1.69e-02    1.4e-04
  38100    3.16e-01  1.10e-01    3.07e-03  1.19e-03    5.90e-02  2.05e-02    1.4e-04
  38200    3.24e-01  1.36e-01    1.12e-03  1.67e-03    6.06e-02  2.55e-02    1.4e-04
  38300    3.25e-01  9.62e-02    1.12e-03  5.90e-04    6.09e-02  1.80e-02    1.4e-04
  38400    3.15e-01  1.48e-01    2.49e-03  1.11e-03    5.89e-02  2.77e-02    1.4e-04
  38500    2.66e-01  1.86e-01    1.90e-03  8.87e-04    4.97e-02  3.48e-02    1.4e-04
  38600    2.77e-01  1.51e-01    9.89e-04  9.77e-04    5.19e-02  2.82e-02    1.4e-04
  38700    2.86e-01  2.33e-01    1.15e-03  8.11e-04    5.35e-02  4.35e-02    1.4e-04
  38800    2.57e-01  1.65e-01    1.41e-03  1.34e-03    4.80e-02  3.08e-02    1.4e-04
  38900    6.07e-01  4.71e-01    3.03e-02  3.84e-03    1.13e-01  8.80e-02    1.4e-04
  39000    4.44e-01  3.44e-01    1.24e-02  8.94e-03    8.28e-02  6.43e-02    1.4e-04
  39100    4.75e-01  3.20e-01    5.66e-03  6.75e-03    8.88e-02  5.97e-02    1.4e-04
  39200    5.41e-01  3.29e-01    1.11e-02  1.11e-02    1.01e-01  6.12e-02    1.4e-04
  39300    5.11e-01  3.37e-01    3.67e-03  9.55e-03    9.55e-02  6.29e-02    1.4e-04
  39400    5.91e-01  2.98e-01    9.09e-03  6.05e-03    1.10e-01  5.56e-02    1.4e-04
  39500    5.92e-01  2.38e-01    9.07e-03  1.30e-02    1.11e-01  4.42e-02    1.4e-04
  39600    5.59e-01  2.20e-01    4.00e-03  1.17e-02    1.05e-01  4.09e-02    1.4e-04
  39700    5.64e-01  3.60e-01    1.01e-02  9.98e-03    1.05e-01  6.71e-02    1.4e-04
  39800    5.70e-01  2.38e-01    1.24e-02  8.05e-03    1.06e-01  4.43e-02    1.4e-04
  39900    5.42e-01  2.03e-01    3.29e-03  4.31e-03    1.01e-01  3.79e-02    1.4e-04
  40000    4.25e-01  1.97e-01    3.56e-03  7.52e-03    1.02e-01  4.68e-02    8.3e-05
  40100    4.53e-01  2.19e-01    1.51e-02  6.37e-03    1.08e-01  5.21e-02    8.3e-05
  40200    4.09e-01  1.97e-01    8.13e-03  2.65e-03    9.76e-02  4.70e-02    8.3e-05
  40300    4.12e-01  1.98e-01    9.71e-03  2.83e-03    9.81e-02  4.72e-02    8.3e-05
  40400    3.26e-01  1.80e-01    6.35e-03  2.50e-03    7.78e-02  4.30e-02    8.3e-05
  40500    3.58e-01  1.64e-01    5.92e-03  2.51e-03    8.53e-02  3.92e-02    8.3e-05
  40600    3.38e-01  1.13e-01    5.98e-03  1.75e-03    8.08e-02  2.69e-02    8.3e-05
  40700    3.47e-01  1.58e-01    4.90e-03  1.41e-03    8.29e-02  3.78e-02    8.3e-05
  40800    2.98e-01  2.20e-01    2.36e-03  1.85e-03    7.13e-02  5.26e-02    8.3e-05
  40900    2.14e-01  1.84e-01    2.85e-03  2.42e-03    5.11e-02  4.39e-02    8.3e-05
  41000    2.10e-01  2.11e-01    1.78e-03  1.93e-03    5.01e-02  5.03e-02    8.3e-05
  41100    1.91e-01  1.48e-01    2.02e-03  9.98e-04    4.57e-02  3.53e-02    8.3e-05
  41200    1.86e-01  1.08e-01    1.59e-03  9.98e-04    4.45e-02  2.58e-02    8.3e-05
  41300    1.45e-01  1.36e-01    9.57e-04  5.36e-04    3.46e-02  3.25e-02    8.3e-05
  41400    1.31e-01  1.34e-01    8.97e-04  1.22e-03    3.14e-02  3.19e-02    8.3e-05
  41500    1.28e-01  1.60e-01    1.67e-03  2.05e-03    3.06e-02  3.82e-02    8.3e-05
  41600    1.25e-01  9.59e-02    6.64e-04  2.47e-04    2.98e-02  2.29e-02    8.3e-05
  41700    1.23e-01  2.33e-01    3.23e-03  7.84e-03    2.93e-02  5.54e-02    8.3e-05
  41800    1.59e-01  1.53e-01    8.69e-04  8.16e-04    3.79e-02  3.66e-02    8.3e-05
  41900    1.54e-01  1.36e-01    7.12e-04  8.23e-04    3.67e-02  3.25e-02    8.3e-05
  42000    1.60e-01  1.43e-01    7.30e-04  8.26e-04    3.83e-02  3.42e-02    8.3e-05
  42100    1.67e-01  1.32e-01    8.65e-04  8.65e-04    4.00e-02  3.15e-02    8.3e-05
  42200    1.72e-01  7.06e-02    7.80e-04  4.50e-04    4.12e-02  1.69e-02    8.3e-05
  42300    2.07e-01  7.54e-02    1.62e-03  1.09e-03    4.95e-02  1.80e-02    8.3e-05
  42400    2.32e-01  1.28e-01    8.37e-04  1.48e-03    5.54e-02  3.07e-02    8.3e-05
  42500    2.41e-01  1.69e-01    4.09e-03  3.16e-03    5.76e-02  4.04e-02    8.3e-05
  42600    2.49e-01  1.25e-01    1.54e-03  8.50e-04    5.95e-02  2.99e-02    8.3e-05
  42700    2.57e-01  9.56e-02    2.49e-03  9.92e-04    6.14e-02  2.28e-02    8.3e-05
  42800    2.15e-01  2.29e-01    1.91e-03  1.29e-03    5.14e-02  5.46e-02    8.3e-05
  42900    1.97e-01  1.08e-01    1.04e-03  5.91e-04    4.70e-02  2.58e-02    8.3e-05
  43000    1.99e-01  1.61e-01    1.98e-03  1.07e-03    4.76e-02  3.83e-02    8.3e-05
  43100    1.96e-01  1.47e-01    1.50e-03  1.66e-03    4.67e-02  3.51e-02    8.3e-05
  43200    5.96e-01  3.71e-01    3.48e-02  9.47e-03    1.41e-01  8.84e-02    8.3e-05
  43300    3.37e-01  2.29e-01    6.05e-03  1.03e-02    8.04e-02  5.44e-02    8.3e-05
  43400    3.26e-01  3.44e-01    6.11e-03  2.17e-02    7.79e-02  8.12e-02    8.3e-05
  43500    3.76e-01  1.79e-01    9.58e-03  5.75e-03    8.96e-02  4.26e-02    8.3e-05
  43600    4.12e-01  2.06e-01    3.47e-03  8.48e-03    9.85e-02  4.90e-02    8.3e-05
  43700    4.02e-01  2.89e-01    1.07e-02  9.98e-03    9.57e-02  6.88e-02    8.3e-05
  43800    4.05e-01  2.61e-01    1.17e-02  1.27e-02    9.64e-02  6.19e-02    8.3e-05
  43900    4.07e-01  2.36e-01    4.11e-03  7.22e-03    9.73e-02  5.63e-02    8.3e-05
  44000    3.96e-01  2.54e-01    6.88e-03  9.48e-03    9.44e-02  6.04e-02    8.3e-05
  44100    4.05e-01  2.29e-01    3.11e-03  3.90e-03    9.66e-02  5.46e-02    8.3e-05
  44200    3.49e-01  2.66e-01    2.65e-03  9.81e-03    8.33e-02  6.33e-02    8.3e-05
  44300    3.75e-01  3.02e-01    1.08e-02  4.91e-03    8.93e-02  7.20e-02    8.3e-05
  44400    3.76e-01  2.44e-01    5.73e-03  5.25e-03    8.98e-02  5.83e-02    8.3e-05
  44500    4.12e-01  2.43e-01    1.01e-02  2.25e-03    9.83e-02  5.80e-02    8.3e-05
  44600    4.36e-01  2.40e-01    1.03e-02  4.69e-03    1.04e-01  5.73e-02    8.3e-05
  44700    3.51e-01  2.12e-01    5.41e-03  2.72e-03    8.38e-02  5.06e-02    8.3e-05
  44800    3.36e-01  2.54e-01    4.50e-03  7.87e-04    8.02e-02  6.08e-02    8.3e-05
  44900    3.25e-01  2.11e-01    5.19e-03  2.61e-03    7.75e-02  5.04e-02    8.3e-05
  45000    2.96e-01  1.40e-01    6.09e-03  4.05e-03    8.95e-02  4.22e-02    5.0e-05
  45100    2.80e-01  1.45e-01    4.01e-03  3.79e-03    8.47e-02  4.39e-02    5.0e-05
  45200    1.85e-01  1.51e-01    2.40e-03  1.59e-03    5.61e-02  4.58e-02    5.0e-05
  45300    1.59e-01  8.70e-02    1.69e-03  9.66e-04    4.81e-02  2.63e-02    5.0e-05
  45400    1.51e-01  1.38e-01    1.78e-03  8.38e-04    4.59e-02  4.19e-02    5.0e-05
  45500    1.56e-01  1.89e-01    2.81e-03  2.03e-03    4.71e-02  5.73e-02    5.0e-05
  45600    1.24e-01  1.47e-01    1.17e-03  2.14e-03    3.75e-02  4.44e-02    5.0e-05
  45700    1.09e-01  1.25e-01    7.28e-04  1.04e-03    3.30e-02  3.78e-02    5.0e-05
  45800    1.02e-01  8.27e-02    8.00e-04  7.00e-04    3.10e-02  2.50e-02    5.0e-05
  45900    9.98e-02  1.49e-01    8.76e-04  9.30e-04    3.02e-02  4.52e-02    5.0e-05
  46000    9.76e-02  1.62e-01    6.56e-04  1.63e-03    2.96e-02  4.90e-02    5.0e-05
  46100    1.16e-01  9.96e-02    8.40e-04  1.12e-03    3.52e-02  3.02e-02    5.0e-05
  46200    1.13e-01  1.29e-01    7.20e-04  1.08e-03    3.41e-02  3.89e-02    5.0e-05
  46300    1.15e-01  8.63e-02    6.82e-04  3.77e-04    3.48e-02  2.62e-02    5.0e-05
  46400    1.19e-01  6.86e-02    6.08e-04  2.87e-04    3.61e-02  2.08e-02    5.0e-05
  46500    1.25e-01  1.58e-01    9.15e-04  1.35e-03    3.78e-02  4.77e-02    5.0e-05
  46600    1.48e-01  1.00e-01    2.51e-03  8.67e-04    4.48e-02  3.03e-02    5.0e-05
  46700    1.66e-01  4.38e-02    1.74e-03  9.11e-04    5.01e-02  1.33e-02    5.0e-05
  46800    1.78e-01  1.01e-01    2.79e-03  6.39e-04    5.39e-02  3.05e-02    5.0e-05
  46900    1.81e-01  7.14e-02    1.08e-03  1.05e-03    5.48e-02  2.16e-02    5.0e-05
  47000    1.90e-01  8.56e-02    1.74e-03  7.97e-04    5.75e-02  2.59e-02    5.0e-05
  47100    1.54e-01  1.00e-01    8.51e-04  6.25e-04    4.68e-02  3.04e-02    5.0e-05
  47200    1.50e-01  1.24e-01    9.09e-04  1.12e-03    4.54e-02  3.77e-02    5.0e-05
  47300    1.41e-01  1.54e-01    9.17e-04  2.30e-03    4.28e-02  4.67e-02    5.0e-05
  47400    1.43e-01  2.11e-01    1.64e-03  2.20e-03    4.32e-02  6.39e-02    5.0e-05
  47500    1.50e-01  1.66e-01    1.12e-03  1.51e-03    4.53e-02  5.02e-02    5.0e-05
  47600    2.66e-01  1.80e-01    1.58e-02  7.51e-03    7.98e-02  5.42e-02    5.0e-05
  47700    2.35e-01  2.12e-01    2.81e-03  8.47e-03    7.12e-02  6.40e-02    5.0e-05
  47800    2.67e-01  1.54e-01    6.50e-03  5.78e-03    8.09e-02  4.65e-02    5.0e-05
  47900    2.93e-01  1.51e-01    5.47e-03  7.05e-03    8.86e-02  4.53e-02    5.0e-05
  48000    2.98e-01  1.76e-01    5.96e-03  2.56e-03    9.01e-02  5.33e-02    5.0e-05
  48100    2.87e-01  1.77e-01    2.64e-03  8.64e-03    8.69e-02  5.34e-02    5.0e-05
  48200    2.97e-01  1.75e-01    2.91e-03  9.68e-03    9.00e-02  5.25e-02    5.0e-05
  48300    2.96e-01  2.21e-01    8.38e-03  8.66e-03    8.94e-02  6.66e-02    5.0e-05
  48400    2.94e-01  1.32e-01    5.16e-03  4.07e-03    8.91e-02  3.97e-02    5.0e-05
  48500    2.86e-01  1.63e-01    3.91e-03  5.15e-03    8.66e-02  4.94e-02    5.0e-05
  48600    2.77e-01  1.28e-01    3.70e-03  4.31e-03    8.39e-02  3.86e-02    5.0e-05
  48700    2.72e-01  2.03e-01    5.59e-03  3.32e-03    8.23e-02  6.16e-02    5.0e-05
  48800    3.04e-01  1.16e-01    5.45e-03  4.55e-03    9.20e-02  3.51e-02    5.0e-05
  48900    3.02e-01  1.35e-01    7.65e-03  3.64e-03    9.14e-02  4.08e-02    5.0e-05
  49000    2.38e-01  2.35e-01    3.58e-03  4.84e-03    7.21e-02  7.11e-02    5.0e-05
  49100    2.28e-01  2.06e-01    2.69e-03  5.32e-03    6.92e-02  6.24e-02    5.0e-05
  49200    2.51e-01  1.26e-01    5.63e-03  3.37e-03    7.60e-02  3.82e-02    5.0e-05
  49300    2.34e-01  1.37e-01    2.29e-03  2.05e-03    7.07e-02  4.15e-02    5.0e-05
  49400    2.56e-01  1.90e-01    4.14e-03  4.70e-03    7.76e-02  5.75e-02    5.0e-05
  49500    1.57e-01  2.29e-01    2.19e-03  1.48e-03    4.75e-02  6.92e-02    5.0e-05
  49600    1.50e-01  1.68e-01    1.58e-03  4.17e-03    4.55e-02  5.09e-02    5.0e-05
  49700    1.54e-01  1.03e-01    1.87e-03  1.26e-03    4.65e-02  3.11e-02    5.0e-05
  49800    1.29e-01  1.53e-01    1.56e-03  1.23e-03    3.91e-02  4.64e-02    5.0e-05
  49900    1.36e-01  1.17e-01    3.35e-03  3.20e-03    4.12e-02  3.52e-02    5.0e-05
  50000    8.17e-02  9.63e-02    7.42e-04  1.57e-03    3.10e-02  3.66e-02    3.0e-05
  50100    8.16e-02  6.22e-02    6.89e-04  3.94e-04    3.10e-02  2.36e-02    3.0e-05
  50200    8.08e-02  7.14e-02    8.09e-04  5.83e-04    3.07e-02  2.71e-02    3.0e-05
  50300    7.94e-02  7.99e-02    1.24e-03  1.26e-03    3.02e-02  3.03e-02    3.0e-05
  50400    8.75e-02  8.90e-02    8.16e-04  8.48e-04    3.33e-02  3.38e-02    3.0e-05
  50500    8.50e-02  7.66e-02    6.28e-04  8.27e-04    3.23e-02  2.91e-02    3.0e-05
  50600    9.00e-02  8.06e-02    7.62e-04  7.96e-04    3.42e-02  3.06e-02    3.0e-05
  50700    8.84e-02  1.71e-01    5.99e-04  2.29e-03    3.36e-02  6.49e-02    3.0e-05
  50800    9.51e-02  9.87e-02    6.96e-04  3.72e-04    3.61e-02  3.75e-02    3.0e-05
  50900    1.02e-01  9.86e-02    1.30e-03  1.56e-03    3.89e-02  3.74e-02    3.0e-05
  51000    1.29e-01  7.10e-02    2.00e-03  1.40e-03    4.90e-02  2.69e-02    3.0e-05
  51100    1.34e-01  7.10e-02    2.69e-03  3.79e-04    5.10e-02  2.70e-02    3.0e-05
  51200    1.37e-01  9.11e-02    3.16e-03  9.99e-04    5.20e-02  3.46e-02    3.0e-05
  51300    1.41e-01  4.67e-02    2.26e-03  4.26e-04    5.35e-02  1.77e-02    3.0e-05
  51400    1.23e-01  7.04e-02    1.39e-03  1.53e-03    4.66e-02  2.67e-02    3.0e-05
  51500    1.17e-01  7.36e-02    8.90e-04  5.64e-04    4.44e-02  2.80e-02    3.0e-05
  51600    1.13e-01  1.17e-01    9.69e-04  9.22e-04    4.29e-02  4.43e-02    3.0e-05
  51700    1.12e-01  1.26e-01    8.28e-04  1.80e-03    4.25e-02  4.80e-02    3.0e-05
  51800    1.10e-01  7.48e-02    8.52e-04  5.73e-04    4.18e-02  2.84e-02    3.0e-05
  51900    1.85e-01  1.99e-01    2.03e-02  1.00e-02    6.78e-02  7.49e-02    3.0e-05
  52000    1.86e-01  1.12e-01    5.95e-03  2.44e-03    7.03e-02  4.27e-02    3.0e-05
  52100    1.94e-01  1.29e-01    9.83e-03  7.45e-03    7.32e-02  4.86e-02    3.0e-05
  52200    1.97e-01  2.01e-01    4.42e-03  1.35e-02    7.47e-02  7.53e-02    3.0e-05
  52300    2.19e-01  1.85e-01    8.13e-03  1.82e-02    8.27e-02  6.82e-02    3.0e-05
  52400    2.26e-01  1.62e-01    5.27e-03  3.80e-03    8.56e-02  6.15e-02    3.0e-05
  52500    2.27e-01  1.39e-01    3.22e-03  5.45e-03    8.61e-02  5.24e-02    3.0e-05
  52600    2.22e-01  1.44e-01    2.90e-03  1.00e-02    8.43e-02  5.37e-02    3.0e-05
  52700    2.26e-01  1.00e-01    3.02e-03  5.53e-03    8.59e-02  3.78e-02    3.0e-05
  52800    2.23e-01  1.65e-01    2.94e-03  9.18e-03    8.47e-02  6.23e-02    3.0e-05
  52900    2.11e-01  1.58e-01    4.62e-03  4.58e-03    8.02e-02  6.00e-02    3.0e-05
  53000    2.15e-01  1.26e-01    3.10e-03  3.80e-03    8.18e-02  4.79e-02    3.0e-05
  53100    2.27e-01  1.39e-01    3.03e-03  4.91e-03    8.61e-02  5.28e-02    3.0e-05
  53200    2.21e-01  1.22e-01    6.71e-03  2.53e-03    8.36e-02  4.63e-02    3.0e-05
  53300    2.03e-01  1.34e-01    5.74e-03  6.54e-03    7.70e-02  5.04e-02    3.0e-05
  53400    1.90e-01  1.54e-01    3.29e-03  3.88e-03    7.22e-02  5.84e-02    3.0e-05
  53500    1.72e-01  1.84e-01    3.86e-03  3.41e-03    6.54e-02  6.98e-02    3.0e-05
  53600    1.75e-01  1.27e-01    5.18e-03  2.44e-03    6.62e-02  4.81e-02    3.0e-05
  53700    1.77e-01  1.51e-01    2.95e-03  2.92e-03    6.72e-02  5.71e-02    3.0e-05
  53800    1.29e-01  9.14e-02    1.96e-03  2.05e-03    4.88e-02  3.47e-02    3.0e-05
  53900    1.22e-01  1.56e-01    1.45e-03  3.79e-03    4.62e-02  5.90e-02    3.0e-05
  54000    1.11e-01  1.19e-01    1.54e-03  1.22e-03    4.23e-02  4.52e-02    3.0e-05
  54100    1.10e-01  1.25e-01    1.51e-03  1.30e-03    4.19e-02  4.74e-02    3.0e-05
  54200    1.11e-01  7.37e-02    1.68e-03  5.31e-04    4.20e-02  2.80e-02    3.0e-05
  54300    8.69e-02  1.06e-01    9.35e-04  1.55e-03    3.30e-02  4.01e-02    3.0e-05
  54400    8.16e-02  8.34e-02    1.72e-03  1.46e-03    3.10e-02  3.17e-02    3.0e-05
  54500    7.98e-02  1.22e-01    6.88e-04  7.04e-04    3.03e-02  4.63e-02    3.0e-05
  54600    8.03e-02  1.30e-01    6.65e-04  1.21e-03    3.05e-02  4.95e-02    3.0e-05
  54700    7.87e-02  7.07e-02    7.17e-04  6.30e-04    2.99e-02  2.69e-02    3.0e-05
  54800    8.58e-02  7.43e-02    1.11e-03  9.29e-04    3.26e-02  2.82e-02    3.0e-05
  54900    9.01e-02  6.22e-02    1.03e-03  5.56e-04    3.42e-02  2.36e-02    3.0e-05
  55000    7.37e-02  3.91e-02    8.40e-04  5.68e-04    3.46e-02  1.83e-02    1.8e-05
  55100    7.50e-02  5.81e-02    6.94e-04  4.18e-04    3.52e-02  2.72e-02    1.8e-05
  55200    7.71e-02  8.74e-02    7.62e-04  5.96e-04    3.61e-02  4.10e-02    1.8e-05
  55300    9.13e-02  5.46e-02    1.49e-03  9.22e-04    4.28e-02  2.56e-02    1.8e-05
  55400    9.79e-02  7.34e-02    2.27e-03  1.21e-03    4.58e-02  3.44e-02    1.8e-05
  55500    9.97e-02  5.25e-02    2.73e-03  5.60e-04    4.66e-02  2.46e-02    1.8e-05
  55600    1.03e-01  4.84e-02    3.12e-03  1.31e-03    4.81e-02  2.26e-02    1.8e-05
  55700    9.47e-02  5.82e-02    7.24e-04  5.17e-04    4.44e-02  2.73e-02    1.8e-05
  55800    9.07e-02  4.63e-02    1.06e-03  1.05e-03    4.25e-02  2.17e-02    1.8e-05
  55900    8.86e-02  6.60e-02    9.40e-04  8.16e-04    4.15e-02  3.09e-02    1.8e-05
  56000    8.94e-02  4.95e-02    7.92e-04  6.68e-04    4.19e-02  2.32e-02    1.8e-05
  56100    8.70e-02  6.41e-02    9.11e-04  8.38e-04    4.08e-02  3.00e-02    1.8e-05
  56200    1.58e-01  1.59e-01    1.71e-02  1.15e-02    7.15e-02  7.31e-02    1.8e-05
  56300    1.52e-01  2.11e-01    1.85e-02  1.74e-02    6.82e-02  9.68e-02    1.8e-05
  56400    1.50e-01  1.16e-01    5.36e-03  9.78e-03    7.02e-02  5.31e-02    1.8e-05
  56500    1.58e-01  1.50e-01    6.21e-03  4.90e-03    7.36e-02  7.01e-02    1.8e-05
  56600    1.56e-01  1.13e-01    4.32e-03  5.92e-03    7.29e-02  5.26e-02    1.8e-05
  56700    1.60e-01  1.56e-01    4.47e-03  7.46e-03    7.50e-02  7.28e-02    1.8e-05
  56800    1.60e-01  1.32e-01    2.23e-03  6.55e-03    7.49e-02  6.13e-02    1.8e-05
  56900    1.69e-01  1.04e-01    3.48e-03  1.73e-03    7.90e-02  4.85e-02    1.8e-05
  57000    1.66e-01  1.03e-01    2.32e-03  3.18e-03    7.77e-02  4.82e-02    1.8e-05
  57100    1.72e-01  1.14e-01    8.92e-03  6.04e-03    7.99e-02  5.31e-02    1.8e-05
  57200    1.65e-01  1.27e-01    3.55e-03  3.69e-03    7.72e-02  5.92e-02    1.8e-05
  57300    1.62e-01  8.02e-02    6.38e-03  5.81e-03    7.57e-02  3.70e-02    1.8e-05
  57400    1.71e-01  1.12e-01    2.57e-03  3.26e-03    8.03e-02  5.23e-02    1.8e-05
  57500    1.63e-01  9.93e-02    2.97e-03  4.74e-03    7.64e-02  4.62e-02    1.8e-05
  57600    1.56e-01  1.06e-01    5.84e-03  5.57e-03    7.28e-02  4.92e-02    1.8e-05
  57700    1.37e-01  1.89e-01    4.76e-03  7.45e-03    6.42e-02  8.81e-02    1.8e-05
  57800    1.26e-01  1.14e-01    4.55e-03  4.67e-03    5.87e-02  5.31e-02    1.8e-05
  57900    1.27e-01  1.19e-01    5.36e-03  1.95e-03    5.94e-02  5.59e-02    1.8e-05
  58000    1.33e-01  1.31e-01    1.80e-03  2.24e-03    6.23e-02  6.11e-02    1.8e-05
  58100    1.04e-01  8.62e-02    1.42e-03  1.25e-03    4.87e-02  4.04e-02    1.8e-05
  58200    8.58e-02  6.49e-02    1.11e-03  6.50e-04    4.02e-02  3.04e-02    1.8e-05
  58300    8.90e-02  8.95e-02    1.52e-03  2.20e-03    4.17e-02  4.19e-02    1.8e-05
  58400    8.46e-02  7.10e-02    1.16e-03  7.29e-04    3.96e-02  3.33e-02    1.8e-05
  58500    8.51e-02  1.08e-01    2.32e-03  4.15e-03    3.98e-02  5.04e-02    1.8e-05
  58600    6.98e-02  5.45e-02    7.17e-04  8.22e-04    3.27e-02  2.55e-02    1.8e-05
  58700    6.74e-02  9.58e-02    8.21e-04  1.10e-03    3.16e-02  4.49e-02    1.8e-05
  58800    6.57e-02  7.82e-02    6.49e-04  8.66e-04    3.08e-02  3.66e-02    1.8e-05
  58900    6.54e-02  9.76e-02    7.62e-04  1.18e-03    3.06e-02  4.57e-02    1.8e-05
  59000    6.49e-02  8.79e-02    7.24e-04  2.03e-03    3.04e-02  4.11e-02    1.8e-05
  59100    7.11e-02  7.05e-02    9.08e-04  8.66e-04    3.33e-02  3.30e-02    1.8e-05
  59200    7.38e-02  1.29e-01    9.62e-04  2.40e-03    3.46e-02  6.04e-02    1.8e-05
  59300    7.30e-02  7.09e-02    8.70e-04  9.03e-04    3.42e-02  3.32e-02    1.8e-05
  59400    7.37e-02  8.13e-02    6.87e-04  1.14e-03    3.45e-02  3.81e-02    1.8e-05
  59500    7.47e-02  7.75e-02    8.09e-04  1.26e-03    3.50e-02  3.63e-02    1.8e-05
  59600    8.82e-02  6.16e-02    1.69e-03  7.19e-04    4.13e-02  2.89e-02    1.8e-05
  59700    9.90e-02  8.96e-02    2.79e-03  1.54e-03    4.63e-02  4.20e-02    1.8e-05
  59800    1.01e-01  6.29e-02    1.91e-03  4.62e-04    4.71e-02  2.95e-02    1.8e-05
  59900    1.04e-01  4.36e-02    2.99e-03  1.11e-03    4.87e-02  2.04e-02    1.8e-05
  60000    8.44e-02  9.17e-02    1.27e-03  1.58e-03    4.77e-02  5.18e-02    1.1e-05
  60100    7.84e-02  4.92e-02    7.83e-04  3.71e-04    4.43e-02  2.78e-02    1.1e-05
  60200    7.66e-02  6.22e-02    7.54e-04  1.40e-03    4.33e-02  3.51e-02    1.1e-05
  60300    7.51e-02  8.22e-02    9.60e-04  1.75e-03    4.25e-02  4.64e-02    1.1e-05
  60400    7.43e-02  6.06e-02    8.01e-04  7.81e-04    4.20e-02  3.42e-02    1.1e-05
  60500    1.46e-01  1.63e-01    1.76e-02  7.83e-03    7.89e-02  9.15e-02    1.1e-05
  60600    1.19e-01  9.29e-02    8.65e-03  4.40e-03    6.64e-02  5.22e-02    1.1e-05
  60700    1.22e-01  1.34e-01    1.27e-02  4.02e-03    6.66e-02  7.54e-02    1.1e-05
  60800    1.27e-01  7.30e-02    5.34e-03  3.17e-03    7.12e-02  4.10e-02    1.1e-05
  60900    1.23e-01  1.26e-01    2.50e-03  5.79e-03    6.95e-02  7.06e-02    1.1e-05
  61000    1.25e-01  1.13e-01    2.02e-03  2.97e-03    7.07e-02  6.40e-02    1.1e-05
  61100    1.29e-01  1.11e-01    3.49e-03  9.82e-03    7.28e-02  6.11e-02    1.1e-05
  61200    1.33e-01  1.13e-01    2.05e-03  6.99e-03    7.51e-02  6.29e-02    1.1e-05
  61300    1.29e-01  9.04e-02    3.08e-03  2.57e-03    7.27e-02  5.10e-02    1.1e-05
  61400    1.30e-01  9.71e-02    5.83e-03  2.17e-03    7.32e-02  5.48e-02    1.1e-05
  61500    1.23e-01  1.25e-01    3.58e-03  3.80e-03    6.94e-02  7.08e-02    1.1e-05
  61600    1.24e-01  9.08e-02    2.98e-03  3.52e-03    7.02e-02  5.11e-02    1.1e-05
  61700    1.23e-01  7.86e-02    3.25e-03  4.65e-03    6.96e-02  4.40e-02    1.1e-05
  61800    1.27e-01  1.24e-01    2.18e-03  3.49e-03    7.17e-02  6.99e-02    1.1e-05
  61900    1.28e-01  9.58e-02    2.31e-03  2.69e-03    7.26e-02  5.40e-02    1.1e-05
  62000    1.03e-01  9.36e-02    5.47e-03  2.85e-03    5.78e-02  5.28e-02    1.1e-05
  62100    9.49e-02  1.53e-01    2.23e-03  6.03e-03    5.36e-02  8.61e-02    1.1e-05
  62200    9.33e-02  8.47e-02    3.14e-03  3.28e-03    5.26e-02  4.77e-02    1.1e-05
  62300    9.66e-02  9.18e-02    3.69e-03  2.70e-03    5.44e-02  5.18e-02    1.1e-05
  62400    9.44e-02  8.44e-02    2.39e-03  1.70e-03    5.33e-02  4.77e-02    1.1e-05
  62500    7.40e-02  1.17e-01    1.53e-03  1.72e-03    4.18e-02  6.59e-02    1.1e-05
  62600    6.86e-02  1.30e-01    9.46e-04  5.37e-04    3.88e-02  7.36e-02    1.1e-05
  62700    6.67e-02  4.27e-02    1.22e-03  2.68e-04    3.77e-02  2.42e-02    1.1e-05
  62800    6.51e-02  6.30e-02    1.05e-03  1.32e-03    3.68e-02  3.56e-02    1.1e-05
  62900    5.98e-02  5.94e-02    1.36e-03  6.99e-04    3.38e-02  3.36e-02    1.1e-05
  63000    5.67e-02  6.31e-02    7.57e-04  6.66e-04    3.21e-02  3.57e-02    1.1e-05
  63100    5.70e-02  3.94e-02    6.55e-04  4.56e-04    3.22e-02  2.23e-02    1.1e-05
  63200    5.58e-02  9.60e-02    9.12e-04  2.93e-03    3.15e-02  5.41e-02    1.1e-05
  63300    5.61e-02  8.34e-02    6.47e-04  2.00e-03    3.17e-02  4.71e-02    1.1e-05
  63400    6.12e-02  7.71e-02    8.90e-04  9.14e-04    3.46e-02  4.36e-02    1.1e-05
  63500    6.12e-02  6.28e-02    7.99e-04  5.76e-04    3.46e-02  3.55e-02    1.1e-05
  63600    6.00e-02  4.48e-02    1.02e-03  4.34e-04    3.39e-02  2.53e-02    1.1e-05
  63700    6.10e-02  3.90e-02    1.00e-03  9.52e-04    3.45e-02  2.20e-02    1.1e-05
  63800    6.11e-02  6.73e-02    7.28e-04  1.36e-03    3.46e-02  3.80e-02    1.1e-05
  63900    6.92e-02  1.23e-01    1.23e-03  3.48e-03    3.91e-02  6.94e-02    1.1e-05
  64000    7.69e-02  5.63e-02    2.17e-03  1.15e-03    4.34e-02  3.18e-02    1.1e-05
  64100    7.89e-02  6.65e-02    2.64e-03  7.16e-04    4.45e-02  3.76e-02    1.1e-05
  64200    8.09e-02  3.23e-02    2.50e-03  4.93e-04    4.56e-02  1.82e-02    1.1e-05
  64300    8.28e-02  5.58e-02    2.50e-03  8.70e-04    4.67e-02  3.15e-02    1.1e-05
  64400    7.12e-02  5.10e-02    8.55e-04  4.95e-04    4.02e-02  2.89e-02    1.1e-05
  64500    6.97e-02  3.60e-02    8.29e-04  5.97e-04    3.94e-02  2.03e-02    1.1e-05
  64600    6.96e-02  3.79e-02    1.08e-03  8.88e-04    3.93e-02  2.14e-02    1.1e-05
  64700    7.02e-02  7.01e-02    1.20e-03  1.76e-03    3.97e-02  3.96e-02    1.1e-05
  64800    9.53e-02  2.11e-01    1.12e-02  8.68e-03    5.16e-02  1.19e-01    1.1e-05
  64900    1.15e-01  1.47e-01    1.07e-02  1.06e-02    6.33e-02  8.19e-02    1.1e-05
  65000    1.00e-01  5.64e-02    8.09e-03  4.03e-03    6.51e-02  3.68e-02    6.4e-06
  65100    9.84e-02  9.80e-02    5.06e-03  5.97e-03    6.47e-02  6.43e-02    6.4e-06
  65200    1.03e-01  1.07e-01    3.84e-03  9.25e-03    6.81e-02  6.95e-02    6.4e-06
  65300    1.05e-01  1.15e-01    4.55e-03  9.02e-03    6.93e-02  7.48e-02    6.4e-06
  65400    1.03e-01  9.56e-02    3.01e-03  5.33e-03    6.83e-02  6.28e-02    6.4e-06
  65500    1.04e-01  6.27e-02    2.18e-03  4.67e-03    6.88e-02  4.09e-02    6.4e-06
  65600    1.04e-01  7.31e-02    2.46e-03  2.52e-03    6.91e-02  4.83e-02    6.4e-06
  65700    1.06e-01  9.11e-02    2.80e-03  2.15e-03    7.04e-02  6.03e-02    6.4e-06
  65800    1.07e-01  6.75e-02    3.51e-03  1.98e-03    7.04e-02  4.47e-02    6.4e-06
  65900    1.06e-01  7.61e-02    4.39e-03  6.39e-03    6.98e-02  4.94e-02    6.4e-06
  66000    1.04e-01  8.36e-02    2.66e-03  3.34e-03    6.86e-02  5.52e-02    6.4e-06
  66100    1.06e-01  6.94e-02    3.05e-03  3.77e-03    6.98e-02  4.56e-02    6.4e-06
  66200    1.02e-01  7.14e-02    3.97e-03  3.94e-03    6.76e-02  4.69e-02    6.4e-06
  66300    8.68e-02  9.53e-02    2.02e-03  2.40e-03    5.75e-02  6.31e-02    6.4e-06
  66400    8.15e-02  7.66e-02    4.13e-03  2.39e-03    5.36e-02  5.06e-02    6.4e-06
  66500    8.01e-02  1.14e-01    4.88e-03  2.63e-03    5.25e-02  7.54e-02    6.4e-06
  66600    7.82e-02  7.79e-02    3.52e-03  2.67e-03    5.16e-02  5.15e-02    6.4e-06
  66700    7.74e-02  6.13e-02    2.53e-03  2.49e-03    5.12e-02  4.05e-02    6.4e-06
  66800    6.77e-02  9.12e-02    1.03e-03  3.67e-03    4.49e-02  6.02e-02    6.4e-06
  66900    6.12e-02  1.47e-01    9.78e-04  3.35e-03    4.06e-02  9.72e-02    6.4e-06
  67000    5.81e-02  5.65e-02    1.06e-03  1.85e-03    3.85e-02  3.74e-02    6.4e-06
  67100    5.75e-02  7.93e-02    1.47e-03  2.15e-03    3.81e-02  5.25e-02    6.4e-06
  67200    5.51e-02  4.79e-02    1.46e-03  1.32e-03    3.65e-02  3.17e-02    6.4e-06
  67300    5.03e-02  9.21e-02    7.22e-04  7.05e-04    3.34e-02  6.11e-02    6.4e-06
  67400    4.92e-02  3.96e-02    7.69e-04  1.03e-03    3.26e-02  2.62e-02    6.4e-06
  67500    4.89e-02  5.70e-02    6.22e-04  2.57e-04    3.24e-02  3.78e-02    6.4e-06
  67600    4.84e-02  4.93e-02    6.26e-04  7.31e-04    3.21e-02  3.27e-02    6.4e-06
  67700    5.17e-02  4.07e-02    7.59e-04  7.53e-04    3.43e-02  2.70e-02    6.4e-06
  67800    5.13e-02  3.90e-02    7.03e-04  7.78e-04    3.40e-02  2.59e-02    6.4e-06
  67900    5.13e-02  4.91e-02    6.89e-04  1.23e-03    3.40e-02  3.25e-02    6.4e-06
  68000    5.24e-02  3.28e-02    7.21e-04  3.50e-04    3.48e-02  2.18e-02    6.4e-06
  68100    5.20e-02  5.16e-02    7.05e-04  7.26e-04    3.44e-02  3.42e-02    6.4e-06
  68200    5.77e-02  5.58e-02    1.30e-03  1.16e-03    3.82e-02  3.69e-02    6.4e-06
  68300    5.99e-02  4.98e-02    2.31e-03  1.10e-03    3.96e-02  3.30e-02    6.4e-06
  68400    6.27e-02  4.58e-02    1.88e-03  6.90e-04    4.15e-02  3.03e-02    6.4e-06
  68500    6.54e-02  5.33e-02    2.26e-03  1.16e-03    4.32e-02  3.53e-02    6.4e-06
  68600    6.73e-02  3.46e-02    2.69e-03  5.08e-04    4.44e-02  2.29e-02    6.4e-06
  68700    5.78e-02  3.26e-02    6.82e-04  2.35e-04    3.83e-02  2.16e-02    6.4e-06
  68800    5.73e-02  3.34e-02    7.28e-04  4.40e-04    3.80e-02  2.21e-02    6.4e-06
  68900    5.69e-02  2.55e-02    9.46e-04  6.22e-04    3.77e-02  1.69e-02    6.4e-06
  69000    5.73e-02  5.81e-02    8.17e-04  1.18e-03    3.80e-02  3.85e-02    6.4e-06
  69100    5.71e-02  5.32e-02    7.40e-04  8.13e-04    3.78e-02  3.53e-02    6.4e-06
  69200    9.38e-02  1.08e-01    6.82e-03  7.04e-03    6.12e-02  7.10e-02    6.4e-06
  69300    8.85e-02  1.12e-01    1.93e-03  9.70e-03    5.86e-02  7.26e-02    6.4e-06
  69400    9.32e-02  8.70e-02    2.87e-03  4.12e-03    6.16e-02  5.73e-02    6.4e-06
  69500    9.67e-02  8.60e-02    2.36e-03  6.49e-03    6.40e-02  5.61e-02    6.4e-06
  69600    9.93e-02  6.42e-02    2.90e-03  4.54e-03    6.57e-02  4.19e-02    6.4e-06
  69700    1.06e-01  9.47e-02    4.93e-03  4.08e-03    6.97e-02  6.25e-02    6.4e-06
  69800    1.03e-01  8.21e-02    2.75e-03  9.36e-03    6.83e-02  5.23e-02    6.4e-06
  69900    1.05e-01  9.71e-02    4.19e-03  5.05e-03    6.92e-02  6.39e-02    6.4e-06
  70000    9.34e-02  7.08e-02    5.15e-03  4.51e-03    6.97e-02  5.27e-02    3.8e-06
  70100    9.54e-02  8.47e-02    5.26e-03  4.27e-03    7.12e-02  6.33e-02    3.8e-06
  70200    9.56e-02  8.48e-02    4.96e-03  2.70e-03    7.14e-02  6.37e-02    3.8e-06
  70300    9.22e-02  6.41e-02    3.83e-03  4.45e-03    6.91e-02  4.76e-02    3.8e-06
  70400    9.19e-02  6.55e-02    4.51e-03  2.49e-03    6.87e-02  4.91e-02    3.8e-06
  70500    9.15e-02  8.36e-02    3.76e-03  2.84e-03    6.86e-02  6.27e-02    3.8e-06
  70600    8.33e-02  9.45e-02    3.34e-03  4.25e-03    6.24e-02  7.07e-02    3.8e-06
  70700    7.72e-02  7.69e-02    4.22e-03  3.47e-03    5.76e-02  5.75e-02    3.8e-06
  70800    7.42e-02  5.22e-02    3.29e-03  2.93e-03    5.56e-02  3.89e-02    3.8e-06
  70900    7.28e-02  8.06e-02    5.15e-03  3.71e-03    5.40e-02  6.03e-02    3.8e-06
  71000    7.18e-02  6.67e-02    3.81e-03  2.98e-03    5.36e-02  5.00e-02    3.8e-06
  71100    6.18e-02  6.54e-02    1.71e-03  2.84e-03    4.65e-02  4.90e-02    3.8e-06
  71200    5.90e-02  6.53e-02    1.82e-03  3.52e-03    4.43e-02  4.88e-02    3.8e-06
  71300    5.45e-02  4.77e-02    1.74e-03  1.23e-03    4.09e-02  3.59e-02    3.8e-06
  71400    5.28e-02  5.56e-02    1.83e-03  2.60e-03    3.97e-02  4.16e-02    3.8e-06
  71500    5.15e-02  6.44e-02    1.97e-03  2.31e-03    3.86e-02  4.84e-02    3.8e-06
  71600    4.70e-02  3.46e-02    7.09e-04  5.93e-04    3.53e-02  2.60e-02    3.8e-06
  71700    4.55e-02  4.78e-02    6.85e-04  3.80e-04    3.42e-02  3.60e-02    3.8e-06
  71800    4.47e-02  4.48e-02    6.85e-04  1.02e-03    3.36e-02  3.37e-02    3.8e-06
  71900    4.41e-02  3.57e-02    1.00e-03  1.05e-03    3.31e-02  2.68e-02    3.8e-06
  72000    4.39e-02  4.93e-02    6.53e-04  9.88e-04    3.30e-02  3.71e-02    3.8e-06
  72100    4.66e-02  4.56e-02    9.98e-04  9.02e-04    3.51e-02  3.43e-02    3.8e-06
  72200    4.67e-02  4.18e-02    7.55e-04  2.34e-04    3.51e-02  3.15e-02    3.8e-06
  72300    4.64e-02  5.27e-02    7.24e-04  1.30e-03    3.49e-02  3.96e-02    3.8e-06
  72400    4.62e-02  8.17e-02    8.43e-04  3.90e-03    3.47e-02  6.11e-02    3.8e-06
  72500    4.95e-02  3.53e-02    7.89e-04  9.73e-04    3.73e-02  2.65e-02    3.8e-06
  72600    5.11e-02  5.48e-02    1.34e-03  6.50e-04    3.84e-02  4.12e-02    3.8e-06
  72700    5.32e-02  5.63e-02    1.82e-03  9.62e-04    3.99e-02  4.24e-02    3.8e-06
  72800    5.48e-02  4.06e-02    1.85e-03  7.78e-04    4.12e-02  3.05e-02    3.8e-06
  72900    5.67e-02  5.93e-02    1.94e-03  1.59e-03    4.26e-02  4.46e-02    3.8e-06
  73000    5.09e-02  4.85e-02    1.25e-03  6.95e-04    3.82e-02  3.65e-02    3.8e-06
  73100    4.92e-02  5.24e-02    9.38e-04  1.31e-03    3.70e-02  3.94e-02    3.8e-06
  73200    4.89e-02  4.80e-02    7.73e-04  1.43e-03    3.68e-02  3.61e-02    3.8e-06
  73300    4.88e-02  3.96e-02    7.21e-04  6.11e-04    3.67e-02  2.98e-02    3.8e-06
  73400    4.88e-02  4.28e-02    7.22e-04  1.02e-03    3.67e-02  3.22e-02    3.8e-06
  73500    7.57e-02  1.11e-01    3.98e-03  6.96e-03    5.66e-02  8.26e-02    3.8e-06
  73600    7.62e-02  7.94e-02    6.04e-03  6.45e-03    5.63e-02  5.86e-02    3.8e-06
  73700    7.30e-02  7.38e-02    2.23e-03  4.18e-03    5.49e-02  5.50e-02    3.8e-06
  73800    7.68e-02  1.02e-01    5.98e-03  9.12e-03    5.68e-02  7.48e-02    3.8e-06
  73900    7.80e-02  1.19e-01    2.94e-03  1.08e-02    5.85e-02  8.70e-02    3.8e-06
  74000    8.45e-02  9.48e-02    3.04e-03  7.65e-03    6.34e-02  7.00e-02    3.8e-06
  74100    8.50e-02  7.09e-02    3.96e-03  4.93e-03    6.36e-02  5.26e-02    3.8e-06
  74200    8.67e-02  8.18e-02    3.33e-03  6.41e-03    6.50e-02  6.05e-02    3.8e-06
  74300    8.91e-02  5.67e-02    7.11e-03  2.61e-03    6.58e-02  4.24e-02    3.8e-06
  74400    9.06e-02  8.75e-02    5.47e-03  2.03e-03    6.75e-02  6.58e-02    3.8e-06
  74500    8.87e-02  8.86e-02    4.08e-03  3.12e-03    6.64e-02  6.65e-02    3.8e-06
  74600    8.82e-02  7.30e-02    3.99e-03  1.56e-03    6.61e-02  5.49e-02    3.8e-06
  74700    9.01e-02  7.87e-02    3.83e-03  3.48e-03    6.75e-02  5.89e-02    3.8e-06
  74800    8.83e-02  7.02e-02    3.23e-03  2.54e-03    6.62e-02  5.26e-02    3.8e-06
  74900    8.33e-02  7.13e-02    4.11e-03  4.50e-03    6.23e-02  5.30e-02    3.8e-06
  75000    6.90e-02  4.72e-02    2.44e-03  3.35e-03    5.70e-02  3.85e-02    2.3e-06
  75100    6.88e-02  6.17e-02    3.59e-03  4.69e-03    5.66e-02  5.03e-02    2.3e-06
  75200    6.70e-02  5.24e-02    3.11e-03  2.82e-03    5.51e-02  4.31e-02    2.3e-06
  75300    6.55e-02  5.45e-02    3.56e-03  3.89e-03    5.38e-02  4.44e-02    2.3e-06
  75400    6.10e-02  4.96e-02    2.07e-03  3.25e-03    5.03e-02  4.06e-02    2.3e-06
  75500    5.67e-02  5.16e-02    1.45e-03  2.57e-03    4.68e-02  4.24e-02    2.3e-06
  75600    5.33e-02  4.42e-02    1.09e-03  1.73e-03    4.41e-02  3.64e-02    2.3e-06
  75700    5.21e-02  5.81e-02    1.59e-03  3.40e-03    4.31e-02  4.76e-02    2.3e-06
  75800    5.08e-02  6.83e-02    1.18e-03  3.99e-03    4.20e-02  5.61e-02    2.3e-06
  75900    4.59e-02  3.40e-02    9.86e-04  1.33e-03    3.80e-02  2.80e-02    2.3e-06
  76000    4.35e-02  3.06e-02    1.02e-03  8.43e-04    3.60e-02  2.53e-02    2.3e-06
  76100    4.25e-02  5.74e-02    6.32e-04  2.52e-03    3.52e-02  4.73e-02    2.3e-06
  76200    4.18e-02  4.75e-02    6.53e-04  5.20e-04    3.46e-02  3.93e-02    2.3e-06
  76300    4.10e-02  5.88e-02    7.74e-04  1.90e-03    3.40e-02  4.86e-02    2.3e-06
  76400    4.30e-02  4.08e-02    7.98e-04  1.55e-03    3.56e-02  3.37e-02    2.3e-06
  76500    4.26e-02  4.04e-02    7.36e-04  1.13e-03    3.53e-02  3.34e-02    2.3e-06
  76600    4.26e-02  3.77e-02    7.46e-04  7.84e-04    3.53e-02  3.12e-02    2.3e-06
  76700    4.28e-02  2.78e-02    7.32e-04  2.82e-04    3.54e-02  2.30e-02    2.3e-06
  76800    4.32e-02  7.54e-02    7.21e-04  3.11e-03    3.58e-02  6.21e-02    2.3e-06
  76900    4.62e-02  5.01e-02    1.05e-03  6.25e-04    3.82e-02  4.15e-02    2.3e-06
  77000    4.75e-02  4.16e-02    1.01e-03  1.33e-03    3.93e-02  3.44e-02    2.3e-06
  77100    4.84e-02  4.25e-02    1.12e-03  1.25e-03    4.00e-02  3.51e-02    2.3e-06
  77200    4.89e-02  5.12e-02    1.67e-03  1.27e-03    4.04e-02  4.24e-02    2.3e-06
  77300    4.73e-02  2.48e-02    1.25e-03  5.82e-04    3.91e-02  2.05e-02    2.3e-06
  77400    4.41e-02  2.95e-02    9.01e-04  4.95e-04    3.65e-02  2.44e-02    2.3e-06
  77500    4.37e-02  6.36e-02    7.84e-04  2.49e-03    3.62e-02  5.24e-02    2.3e-06
  77600    4.39e-02  4.89e-02    1.02e-03  8.70e-04    3.63e-02  4.05e-02    2.3e-06
  77700    4.36e-02  3.76e-02    8.78e-04  1.01e-03    3.61e-02  3.11e-02    2.3e-06
  77800    5.56e-02  1.60e-01    2.04e-03  1.32e-02    4.59e-02  1.30e-01    2.3e-06
  77900    6.55e-02  8.33e-02    5.19e-03  6.38e-03    5.32e-02  6.78e-02    2.3e-06
  78000    6.40e-02  8.56e-02    6.49e-03  4.05e-03    5.13e-02  7.04e-02    2.3e-06
  78100    6.25e-02  1.28e-01    4.68e-03  1.06e-02    5.09e-02  1.04e-01    2.3e-06
  78200    6.30e-02  8.31e-02    5.11e-03  4.60e-03    5.12e-02  6.82e-02    2.3e-06
  78300    6.92e-02  7.47e-02    6.28e-03  6.39e-03    5.59e-02  6.05e-02    2.3e-06
  78400    6.99e-02  5.59e-02    4.94e-03  2.29e-03    5.71e-02  4.61e-02    2.3e-06
  78500    7.12e-02  5.95e-02    5.83e-03  4.77e-03    5.78e-02  4.83e-02    2.3e-06
  78600    7.21e-02  7.75e-02    5.58e-03  5.34e-03    5.87e-02  6.33e-02    2.3e-06
  78700    7.31e-02  6.22e-02    5.25e-03  2.71e-03    5.96e-02  5.13e-02    2.3e-06
  78800    7.34e-02  6.78e-02    4.62e-03  3.60e-03    6.01e-02  5.57e-02    2.3e-06
  78900    7.43e-02  6.11e-02    4.66e-03  1.59e-03    6.08e-02  5.06e-02    2.3e-06
  79000    7.47e-02  6.32e-02    4.67e-03  3.00e-03    6.12e-02  5.20e-02    2.3e-06
  79100    7.50e-02  5.31e-02    4.31e-03  1.60e-03    6.16e-02  4.39e-02    2.3e-06
  79200    7.54e-02  5.60e-02    4.13e-03  3.95e-03    6.19e-02  4.57e-02    2.3e-06
  79300    6.83e-02  1.17e-01    3.74e-03  7.27e-03    5.61e-02  9.61e-02    2.3e-06
  79400    6.62e-02  7.98e-02    3.76e-03  5.44e-03    5.44e-02  6.52e-02    2.3e-06
  79500    6.49e-02  4.91e-02    3.33e-03  3.12e-03    5.33e-02  4.02e-02    2.3e-06
  79600    6.38e-02  5.28e-02    2.59e-03  3.21e-03    5.26e-02  4.33e-02    2.3e-06
  79700    6.15e-02  8.48e-02    2.21e-03  3.67e-03    5.08e-02  6.99e-02    2.3e-06
  79800    5.65e-02  6.02e-02    1.34e-03  4.74e-03    4.67e-02  4.89e-02    2.3e-06
  79900    5.32e-02  5.49e-02    2.37e-03  2.96e-03    4.38e-02  4.51e-02    2.3e-06
  80000    4.81e-02  4.79e-02    1.69e-03  1.90e-03    4.25e-02  4.22e-02    1.4e-06
  80100    4.70e-02  5.66e-02    1.68e-03  4.26e-03    4.15e-02  4.93e-02    1.4e-06
  80200    4.43e-02  4.56e-02    8.21e-04  1.21e-03    3.92e-02  4.04e-02    1.4e-06
  80300    4.20e-02  6.73e-02    7.33e-04  1.82e-03    3.72e-02  5.95e-02    1.4e-06
  80400    4.07e-02  3.95e-02    7.07e-04  1.13e-03    3.61e-02  3.49e-02    1.4e-06
  80500    4.01e-02  5.13e-02    6.78e-04  1.09e-03    3.55e-02  4.54e-02    1.4e-06
  80600    3.96e-02  4.13e-02    6.31e-04  1.10e-03    3.51e-02  3.66e-02    1.4e-06
  80700    4.02e-02  5.18e-02    7.16e-04  1.75e-03    3.56e-02  4.58e-02    1.4e-06
  80800    4.10e-02  2.94e-02    7.73e-04  4.84e-04    3.63e-02  2.60e-02    1.4e-06
  80900    4.08e-02  5.05e-02    7.43e-04  2.03e-03    3.62e-02  4.45e-02    1.4e-06
  81000    4.08e-02  4.37e-02    7.40e-04  8.12e-04    3.62e-02  3.87e-02    1.4e-06
  81100    4.06e-02  3.95e-02    7.32e-04  8.50e-04    3.59e-02  3.50e-02    1.4e-06
  81200    4.27e-02  2.79e-02    7.97e-04  4.20e-04    3.78e-02  2.47e-02    1.4e-06
  81300    4.30e-02  4.03e-02    7.73e-04  1.33e-03    3.81e-02  3.56e-02    1.4e-06
  81400    4.35e-02  3.78e-02    8.04e-04  7.88e-04    3.85e-02  3.35e-02    1.4e-06
  81500    4.38e-02  3.93e-02    1.23e-03  1.71e-03    3.87e-02  3.47e-02    1.4e-06
  81600    4.42e-02  2.99e-02    1.01e-03  6.46e-04    3.91e-02  2.64e-02    1.4e-06
  81700    4.16e-02  3.61e-02    8.28e-04  1.35e-03    3.68e-02  3.19e-02    1.4e-06
  81800    4.11e-02  3.19e-02    6.89e-04  2.15e-04    3.64e-02  2.83e-02    1.4e-06
  81900    4.08e-02  7.18e-02    7.03e-04  3.93e-03    3.62e-02  6.30e-02    1.4e-06
  82000    4.04e-02  3.59e-02    7.01e-04  5.73e-04    3.58e-02  3.18e-02    1.4e-06
  82100    4.21e-02  1.01e-01    4.30e-03  4.52e-03    3.62e-02  8.90e-02    1.4e-06
  82200    5.32e-02  8.33e-02    6.33e-03  5.03e-03    4.51e-02  7.30e-02    1.4e-06
  82300    5.64e-02  1.07e-01    5.02e-03  1.72e-02    4.88e-02  8.68e-02    1.4e-06
  82400    5.67e-02  6.20e-02    5.63e-03  3.18e-03    4.87e-02  5.45e-02    1.4e-06
  82500    5.66e-02  8.73e-02    6.39e-03  1.06e-02    4.82e-02  7.39e-02    1.4e-06
  82600    5.78e-02  7.01e-02    6.53e-03  6.04e-03    4.93e-02  6.07e-02    1.4e-06
  82700    6.06e-02  6.89e-02    6.74e-03  3.19e-03    5.17e-02  6.06e-02    1.4e-06
  82800    6.19e-02  7.48e-02    6.79e-03  2.87e-03    5.28e-02  6.60e-02    1.4e-06
  82900    6.16e-02  9.81e-02    6.75e-03  8.52e-03    5.26e-02  8.49e-02    1.4e-06
  83000    6.24e-02  7.01e-02    7.00e-03  4.58e-03    5.32e-02  6.14e-02    1.4e-06
  83100    6.16e-02  6.33e-02    5.48e-03  4.53e-03    5.32e-02  5.52e-02    1.4e-06
  83200    6.09e-02  8.90e-02    5.07e-03  4.16e-03    5.28e-02  7.83e-02    1.4e-06
  83300    6.14e-02  6.75e-02    4.77e-03  4.08e-03    5.34e-02  5.92e-02    1.4e-06
  83400    6.21e-02  6.38e-02    4.71e-03  2.51e-03    5.40e-02  5.63e-02    1.4e-06
  83500    6.31e-02  5.77e-02    5.43e-03  1.64e-03    5.47e-02  5.10e-02    1.4e-06
  83600    5.77e-02  8.16e-02    4.50e-03  6.37e-03    5.02e-02  7.10e-02    1.4e-06
  83700    5.72e-02  7.08e-02    3.48e-03  2.86e-03    5.01e-02  6.25e-02    1.4e-06
  83800    5.70e-02  5.55e-02    3.25e-03  2.72e-03    5.00e-02  4.88e-02    1.4e-06
  83900    5.63e-02  4.25e-02    3.49e-03  2.76e-03    4.93e-02  3.72e-02    1.4e-06
  84000    5.55e-02  7.47e-02    2.35e-03  4.77e-03    4.89e-02  6.54e-02    1.4e-06
  84100    5.26e-02  7.65e-02    1.58e-03  3.63e-03    4.65e-02  6.74e-02    1.4e-06
  84200    5.07e-02  4.85e-02    1.24e-03  1.50e-03    4.48e-02  4.29e-02    1.4e-06
  84300    4.91e-02  3.06e-02    1.33e-03  1.82e-03    4.34e-02  2.68e-02    1.4e-06
  84400    4.78e-02  6.49e-02    1.20e-03  2.01e-03    4.22e-02  5.73e-02    1.4e-06
  84500    4.53e-02  6.43e-02    8.33e-04  4.28e-03    4.01e-02  5.62e-02    1.4e-06
  84600    4.25e-02  3.54e-02    7.33e-04  4.05e-04    3.76e-02  3.14e-02    1.4e-06
  84700    4.09e-02  3.33e-02    7.28e-04  1.05e-03    3.62e-02  2.94e-02    1.4e-06
  84800    4.02e-02  4.44e-02    9.81e-04  1.28e-03    3.56e-02  3.92e-02    1.4e-06
  84900    3.97e-02  4.53e-02    6.16e-04  5.40e-04    3.52e-02  4.01e-02    1.4e-06
  85000    3.85e-02  3.76e-02    7.10e-04  1.13e-03    3.56e-02  3.48e-02    8.2e-07
  85100    3.86e-02  4.06e-02    7.29e-04  1.04e-03    3.58e-02  3.76e-02    8.2e-07
  85200    3.88e-02  3.95e-02    7.37e-04  7.82e-04    3.60e-02  3.65e-02    8.2e-07
  85300    3.90e-02  3.23e-02    7.37e-04  3.56e-04    3.61e-02  2.99e-02    8.2e-07
  85400    3.86e-02  3.70e-02    7.34e-04  6.83e-04    3.58e-02  3.43e-02    8.2e-07
  85500    4.02e-02  3.21e-02    8.09e-04  6.44e-04    3.72e-02  2.97e-02    8.2e-07
  85600    4.05e-02  3.76e-02    7.92e-04  1.33e-03    3.75e-02  3.47e-02    8.2e-07
  85700    4.06e-02  3.83e-02    7.56e-04  9.45e-04    3.76e-02  3.55e-02    8.2e-07
  85800    4.10e-02  2.81e-02    7.52e-04  2.28e-04    3.80e-02  2.60e-02    8.2e-07
  85900    4.13e-02  3.04e-02    8.68e-04  6.16e-04    3.82e-02  2.82e-02    8.2e-07
  86000    3.95e-02  3.87e-02    7.01e-04  5.01e-04    3.65e-02  3.58e-02    8.2e-07
  86100    3.88e-02  4.78e-02    7.63e-04  1.62e-03    3.59e-02  4.42e-02    8.2e-07
  86200    3.88e-02  3.86e-02    7.49e-04  5.74e-04    3.59e-02  3.58e-02    8.2e-07
  86300    3.87e-02  4.28e-02    7.50e-04  1.22e-03    3.58e-02  3.96e-02    8.2e-07
  86400    3.84e-02  7.79e-02    1.91e-03  2.32e-03    3.53e-02  7.20e-02    8.2e-07
  86500    4.39e-02  8.65e-02    5.43e-03  1.12e-02    3.88e-02  7.61e-02    8.2e-07
  86600    4.98e-02  6.23e-02    8.19e-03  3.25e-03    4.23e-02  5.73e-02    8.2e-07
  86700    5.05e-02  1.12e-01    7.61e-03  1.04e-02    4.35e-02  1.01e-01    8.2e-07
  86800    5.05e-02  6.66e-02    6.51e-03  4.06e-03    4.44e-02  6.11e-02    8.2e-07
  86900    5.19e-02  8.84e-02    5.40e-03  4.63e-03    4.65e-02  8.13e-02    8.2e-07
  87000    5.40e-02  6.39e-02    6.65e-03  1.80e-03    4.78e-02  5.91e-02    8.2e-07
  87100    5.44e-02  7.98e-02    6.91e-03  5.76e-03    4.79e-02  7.28e-02    8.2e-07
  87200    5.51e-02  5.16e-02    6.71e-03  1.08e-03    4.88e-02  4.78e-02    8.2e-07
  87300    5.55e-02  6.09e-02    6.82e-03  2.62e-03    4.90e-02  5.61e-02    8.2e-07
  87400    5.54e-02  8.87e-02    6.28e-03  3.72e-03    4.93e-02  8.18e-02    8.2e-07
  87500    5.53e-02  7.40e-02    6.97e-03  1.22e-03    4.87e-02  6.86e-02    8.2e-07
  87600    5.43e-02  5.84e-02    6.22e-03  2.55e-03    4.83e-02  5.38e-02    8.2e-07
  87700    5.39e-02  4.98e-02    6.22e-03  2.29e-03    4.79e-02  4.59e-02    8.2e-07
  87800    5.41e-02  6.13e-02    5.18e-03  1.12e-03    4.87e-02  5.68e-02    8.2e-07
  87900    5.07e-02  5.42e-02    5.43e-03  3.45e-03    4.54e-02  4.96e-02    8.2e-07
  88000    4.89e-02  6.61e-02    4.33e-03  4.00e-03    4.42e-02  6.06e-02    8.2e-07
  88100    4.85e-02  5.18e-02    4.02e-03  3.77e-03    4.40e-02  4.72e-02    8.2e-07
  88200    4.80e-02  5.94e-02    3.69e-03  2.65e-03    4.37e-02  5.47e-02    8.2e-07
  88300    4.83e-02  6.90e-02    3.43e-03  2.22e-03    4.41e-02  6.38e-02    8.2e-07
  88400    4.62e-02  8.87e-02    1.67e-03  7.12e-03    4.26e-02  8.06e-02    8.2e-07
  88500    4.54e-02  4.75e-02    1.41e-03  2.33e-03    4.20e-02  4.37e-02    8.2e-07
  88600    4.52e-02  3.76e-02    1.84e-03  1.91e-03    4.17e-02  3.46e-02    8.2e-07
  88700    4.48e-02  4.01e-02    1.46e-03  1.85e-03    4.14e-02  3.69e-02    8.2e-07
  88800    4.43e-02  4.69e-02    1.07e-03  1.32e-03    4.10e-02  4.34e-02    8.2e-07
  88900    4.16e-02  3.60e-02    7.69e-04  1.21e-03    3.85e-02  3.33e-02    8.2e-07
  89000    4.02e-02  4.11e-02    7.03e-04  2.77e-03    3.72e-02  3.76e-02    8.2e-07
  89100    3.93e-02  6.21e-02    8.30e-04  2.27e-03    3.64e-02  5.74e-02    8.2e-07
  89200    3.87e-02  5.02e-02    6.35e-04  1.91e-03    3.59e-02  4.63e-02    8.2e-07
  89300    3.85e-02  4.46e-02    6.59e-04  1.73e-03    3.57e-02  4.12e-02    8.2e-07
  89400    3.92e-02  4.55e-02    7.66e-04  1.07e-03    3.63e-02  4.21e-02    8.2e-07
  89500    3.92e-02  3.03e-02    7.18e-04  1.09e-03    3.63e-02  2.80e-02    8.2e-07
  89600    3.93e-02  2.62e-02    7.49e-04  6.33e-04    3.64e-02  2.43e-02    8.2e-07
  89700    3.90e-02  2.91e-02    7.20e-04  5.71e-04    3.61e-02  2.70e-02    8.2e-07
  89800    3.98e-02  4.79e-02    8.70e-04  7.92e-04    3.68e-02  4.44e-02    8.2e-07
  89900    4.06e-02  6.30e-02    7.76e-04  9.83e-04    3.76e-02  5.84e-02    8.2e-07
  90000    3.97e-02  3.44e-02    7.58e-04  6.99e-04    3.79e-02  3.28e-02    4.9e-07
  90100    3.98e-02  5.14e-02    7.57e-04  1.22e-03    3.79e-02  4.90e-02    4.9e-07
  90200    3.99e-02  4.25e-02    7.70e-04  7.19e-04    3.81e-02  4.06e-02    4.9e-07
  90300    3.90e-02  5.47e-02    7.22e-04  8.30e-04    3.72e-02  5.21e-02    4.9e-07
  90400    3.83e-02  4.12e-02    7.27e-04  8.56e-04    3.65e-02  3.93e-02    4.9e-07
  90500    3.82e-02  4.00e-02    6.98e-04  1.13e-03    3.64e-02  3.81e-02    4.9e-07
  90600    3.80e-02  2.19e-02    7.20e-04  5.51e-04    3.62e-02  2.09e-02    4.9e-07
  90700    3.79e-02  3.67e-02    6.98e-04  7.35e-04    3.61e-02  3.49e-02    4.9e-07
  90800    4.05e-02  8.03e-02    6.38e-03  4.81e-03    3.56e-02  7.58e-02    4.9e-07
  90900    4.24e-02  1.22e-01    6.23e-03  1.41e-02    3.78e-02  1.11e-01    4.9e-07
  91000    4.45e-02  8.58e-02    6.40e-03  4.47e-03    3.97e-02  8.12e-02    4.9e-07
  91100    4.54e-02  9.12e-02    6.04e-03  1.90e-03    4.10e-02  8.69e-02    4.9e-07
  91200    4.58e-02  1.06e-01    4.56e-03  7.13e-03    4.24e-02  1.00e-01    4.9e-07
  91300    4.81e-02  6.86e-02    6.25e-03  1.47e-03    4.35e-02  6.54e-02    4.9e-07
  91400    4.93e-02  7.19e-02    6.20e-03  2.29e-03    4.48e-02  6.84e-02    4.9e-07
  91500    5.08e-02  8.57e-02    6.54e-03  4.51e-03    4.60e-02  8.11e-02    4.9e-07
  91600    5.15e-02  6.59e-02    7.49e-03  1.80e-03    4.60e-02  6.28e-02    4.9e-07
  91700    5.13e-02  5.61e-02    6.86e-03  1.55e-03    4.62e-02  5.34e-02    4.9e-07
  91800    5.11e-02  4.87e-02    6.83e-03  2.10e-03    4.61e-02  4.62e-02    4.9e-07
  91900    5.08e-02  6.34e-02    6.84e-03  4.45e-03    4.58e-02  5.96e-02    4.9e-07
  92000    5.02e-02  6.33e-02    6.11e-03  3.20e-03    4.57e-02  5.99e-02    4.9e-07
  92100    5.00e-02  5.07e-02    6.00e-03  2.91e-03    4.56e-02  4.79e-02    4.9e-07
  92200    4.78e-02  6.39e-02    5.79e-03  1.79e-03    4.35e-02  6.09e-02    4.9e-07
  92300    4.54e-02  5.31e-02    5.49e-03  2.43e-03    4.14e-02  5.04e-02    4.9e-07
  92400    4.42e-02  7.53e-02    4.89e-03  5.15e-03    4.06e-02  7.09e-02    4.9e-07
  92500    4.39e-02  5.74e-02    4.74e-03  3.61e-03    4.04e-02  5.41e-02    4.9e-07
  92600    4.34e-02  4.99e-02    4.59e-03  1.84e-03    4.00e-02  4.75e-02    4.9e-07
  92700    4.14e-02  4.66e-02    2.25e-03  1.88e-03    3.92e-02  4.42e-02    4.9e-07
  92800    4.09e-02  6.79e-02    1.83e-03  5.03e-03    3.88e-02  6.38e-02    4.9e-07
  92900    4.09e-02  3.76e-02    1.78e-03  2.39e-03    3.88e-02  3.54e-02    4.9e-07
  93000    4.10e-02  6.22e-02    1.72e-03  4.51e-03    3.89e-02  5.85e-02    4.9e-07
  93100    4.11e-02  3.61e-02    1.78e-03  1.66e-03    3.90e-02  3.42e-02    4.9e-07
  93200    3.99e-02  3.19e-02    7.38e-04  4.26e-04    3.81e-02  3.05e-02    4.9e-07
  93300    3.90e-02  4.82e-02    7.27e-04  1.54e-03    3.72e-02  4.59e-02    4.9e-07
  93400    3.85e-02  5.44e-02    6.84e-04  2.58e-03    3.67e-02  5.16e-02    4.9e-07
  93500    3.81e-02  3.55e-02    6.62e-04  7.74e-04    3.64e-02  3.38e-02    4.9e-07
  93600    3.78e-02  4.23e-02    6.44e-04  1.30e-03    3.60e-02  4.03e-02    4.9e-07
  93700    3.77e-02  3.58e-02    6.68e-04  7.22e-04    3.59e-02  3.41e-02    4.9e-07
  93800    3.79e-02  3.89e-02    7.91e-04  6.83e-04    3.62e-02  3.71e-02    4.9e-07
  93900    3.81e-02  3.93e-02    7.39e-04  6.94e-04    3.63e-02  3.75e-02    4.9e-07
  94000    3.81e-02  5.63e-02    7.09e-04  3.03e-03    3.63e-02  5.32e-02    4.9e-07
  94100    3.83e-02  4.58e-02    8.15e-04  1.26e-03    3.65e-02  4.36e-02    4.9e-07
  94200    3.92e-02  3.55e-02    8.54e-04  1.22e-03    3.74e-02  3.37e-02    4.9e-07
  94300    3.96e-02  3.67e-02    8.16e-04  7.08e-04    3.77e-02  3.50e-02    4.9e-07
  94400    3.95e-02  4.26e-02    7.81e-04  1.14e-03    3.77e-02  4.06e-02    4.9e-07
  94500    3.96e-02  4.10e-02    7.53e-04  1.25e-03    3.78e-02  3.90e-02    4.9e-07
  94600    3.91e-02  3.04e-02    7.28e-04  6.10e-04    3.73e-02  2.89e-02    4.9e-07
  94700    3.85e-02  2.60e-02    7.55e-04  3.81e-04    3.67e-02  2.48e-02    4.9e-07
  94800    3.82e-02  2.31e-02    6.98e-04  2.85e-04    3.64e-02  2.20e-02    4.9e-07
  94900    3.80e-02  3.82e-02    6.91e-04  9.11e-04    3.62e-02  3.64e-02    4.9e-07
  95000    3.72e-02  4.24e-02    7.34e-04  1.16e-03    3.62e-02  4.11e-02    2.9e-07
  95100    3.92e-02  1.07e-01    6.03e-03  1.05e-02    3.53e-02  1.01e-01    2.9e-07
  95200    3.98e-02  5.71e-02    6.05e-03  4.80e-03    3.59e-02  5.43e-02    2.9e-07
  95300    4.02e-02  1.01e-01    5.15e-03  9.00e-03    3.71e-02  9.57e-02    2.9e-07
  95400    4.19e-02  9.90e-02    6.04e-03  1.33e-02    3.81e-02  9.08e-02    2.9e-07
  95500    4.27e-02  5.20e-02    6.06e-03  5.83e-03    3.89e-02  4.86e-02    2.9e-07
  95600    4.32e-02  5.85e-02    5.64e-03  3.59e-03    3.98e-02  5.62e-02    2.9e-07
  95700    4.40e-02  6.28e-02    5.49e-03  4.72e-03    4.07e-02  6.00e-02    2.9e-07
  95800    4.53e-02  6.95e-02    6.26e-03  5.77e-03    4.15e-02  6.61e-02    2.9e-07
  95900    4.62e-02  5.33e-02    6.33e-03  1.25e-03    4.23e-02  5.18e-02    2.9e-07
  96000    4.67e-02  5.78e-02    6.54e-03  1.46e-03    4.26e-02  5.61e-02    2.9e-07
  96100    4.66e-02  4.80e-02    6.27e-03  2.96e-03    4.27e-02  4.61e-02    2.9e-07
  96200    4.68e-02  6.49e-02    6.15e-03  3.73e-03    4.31e-02  6.24e-02    2.9e-07
  96300    4.70e-02  6.72e-02    6.26e-03  2.57e-03    4.32e-02  6.50e-02    2.9e-07
  96400    4.71e-02  6.25e-02    6.23e-03  2.97e-03    4.33e-02  6.03e-02    2.9e-07
  96500    4.66e-02  5.72e-02    6.20e-03  2.36e-03    4.28e-02  5.53e-02    2.9e-07
  96600    4.46e-02  6.91e-02    5.95e-03  2.60e-03    4.10e-02  6.69e-02    2.9e-07
  96700    4.36e-02  6.06e-02    5.93e-03  4.22e-03    3.99e-02  5.80e-02    2.9e-07
  96800    4.23e-02  4.58e-02    5.24e-03  2.88e-03    3.92e-02  4.40e-02    2.9e-07
  96900    4.17e-02  6.37e-02    4.97e-03  3.80e-03    3.87e-02  6.13e-02    2.9e-07
  97000    3.98e-02  4.58e-02    2.79e-03  3.71e-03    3.81e-02  4.36e-02    2.9e-07
  97100    3.87e-02  5.86e-02    2.21e-03  2.15e-03    3.73e-02  5.68e-02    2.9e-07
  97200    3.83e-02  6.27e-02    2.12e-03  1.30e-03    3.69e-02  6.08e-02    2.9e-07
  97300    3.81e-02  3.67e-02    2.10e-03  2.50e-03    3.67e-02  3.51e-02    2.9e-07
  97400    3.81e-02  4.53e-02    1.90e-03  9.70e-04    3.68e-02  4.40e-02    2.9e-07
  97500    3.77e-02  4.92e-02    7.20e-04  1.46e-03    3.66e-02  4.77e-02    2.9e-07
  97600    3.75e-02  4.45e-02    6.65e-04  8.98e-04    3.64e-02  4.32e-02    2.9e-07
  97700    3.73e-02  4.47e-02    6.98e-04  2.88e-03    3.62e-02  4.29e-02    2.9e-07
  97800    3.71e-02  4.24e-02    6.64e-04  4.68e-04    3.60e-02  4.12e-02    2.9e-07
  97900    3.70e-02  3.88e-02    6.43e-04  1.08e-03    3.59e-02  3.77e-02    2.9e-07
  98000    3.69e-02  4.56e-02    6.62e-04  1.00e-03    3.58e-02  4.42e-02    2.9e-07
  98100    3.70e-02  3.82e-02    6.92e-04  1.64e-03    3.59e-02  3.69e-02    2.9e-07
  98200    3.71e-02  3.90e-02    7.04e-04  1.52e-03    3.60e-02  3.78e-02    2.9e-07
  98300    3.72e-02  2.97e-02    6.95e-04  2.76e-04    3.61e-02  2.89e-02    2.9e-07
  98400    3.74e-02  6.37e-02    7.10e-04  7.11e-04    3.63e-02  6.19e-02    2.9e-07
  98500    3.80e-02  4.12e-02    8.44e-04  5.96e-04    3.69e-02  4.00e-02    2.9e-07
  98600    3.84e-02  3.27e-02    8.97e-04  1.30e-03    3.72e-02  3.16e-02    2.9e-07
  98700    3.84e-02  3.46e-02    8.48e-04  1.24e-03    3.73e-02  3.35e-02    2.9e-07
  98800    3.86e-02  5.11e-02    8.46e-04  2.09e-03    3.74e-02  4.94e-02    2.9e-07
  98900    3.84e-02  3.86e-02    7.35e-04  1.04e-03    3.73e-02  3.75e-02    2.9e-07
  99000    3.78e-02  3.36e-02    7.25e-04  6.86e-04    3.67e-02  3.26e-02    2.9e-07
  99100    3.74e-02  2.46e-02    7.02e-04  7.20e-04    3.63e-02  2.39e-02    2.9e-07
  99200    3.75e-02  3.36e-02    6.98e-04  7.46e-04    3.64e-02  3.26e-02    2.9e-07
  99300    3.74e-02  2.89e-02    6.94e-04  5.54e-04    3.63e-02  2.80e-02    2.9e-07
  99400    3.83e-02  5.91e-02    4.58e-03  7.41e-03    3.56e-02  5.46e-02    2.9e-07
  99500    3.95e-02  7.34e-02    5.45e-03  8.46e-03    3.61e-02  6.84e-02    2.9e-07
  99600    4.13e-02  1.01e-01    6.47e-03  2.02e-02    3.71e-02  8.53e-02    2.9e-07
  99700    4.17e-02  6.07e-02    5.93e-03  9.53e-03    3.80e-02  5.44e-02    2.9e-07
  99800    4.25e-02  9.23e-02    6.29e-03  1.33e-02    3.85e-02  8.39e-02    2.9e-07
  99900    4.25e-02  9.17e-02    5.17e-03  1.01e-02    3.95e-02  8.58e-02    2.9e-07
 100000    4.35e-02  4.74e-02    6.09e-03  5.33e-03    4.01e-02  4.48e-02    1.8e-07
